Using pre-set license
Built from '2021.3/staging' branch; Version is '2021.3.6f1 (7da38d85baf6) revision 8233869'; Using compiler version '192829333'; Build Type 'Release'
OS: 'Windows 10  (10.0.19044) 64bit EnterpriseS' Language: 'ko' Physical Memory: 16107 MB
BatchMode: 1, IsHumanControllingUs: 0, StartBugReporterOnCrash: 0, Is64bit: 1, IsPro: 1

COMMAND LINE ARGUMENTS:
C:\Users\msyang\Desktop\BBANGMAP\BBANG\2021.3.6f1\Editor\Unity.exe
-adb2
-batchMode
-noUpm
-name
AssetImportWorker2
-projectPath
C:/Users/msyang/Desktop/GITHUB/BBANG/BBANG_unity
-logFile
Logs/AssetImportWorker2.log
-srvPort
54743
Successfully changed project path to: C:/Users/msyang/Desktop/GITHUB/BBANG/BBANG_unity
C:/Users/msyang/Desktop/GITHUB/BBANG/BBANG_unity
[UnityMemory] Configuration Parameters - Can be set up in boot.config
    "memorysetup-bucket-allocator-granularity=16"
    "memorysetup-bucket-allocator-bucket-count=8"
    "memorysetup-bucket-allocator-block-size=33554432"
    "memorysetup-bucket-allocator-block-count=8"
    "memorysetup-main-allocator-block-size=16777216"
    "memorysetup-thread-allocator-block-size=16777216"
    "memorysetup-gfx-main-allocator-block-size=16777216"
    "memorysetup-gfx-thread-allocator-block-size=16777216"
    "memorysetup-cache-allocator-block-size=4194304"
    "memorysetup-typetree-allocator-block-size=2097152"
    "memorysetup-profiler-bucket-allocator-granularity=16"
    "memorysetup-profiler-bucket-allocator-bucket-count=8"
    "memorysetup-profiler-bucket-allocator-block-size=33554432"
    "memorysetup-profiler-bucket-allocator-block-count=8"
    "memorysetup-profiler-allocator-block-size=16777216"
    "memorysetup-profiler-editor-allocator-block-size=1048576"
    "memorysetup-temp-allocator-size-main=16777216"
    "memorysetup-job-temp-allocator-block-size=2097152"
    "memorysetup-job-temp-allocator-block-size-background=1048576"
    "memorysetup-job-temp-allocator-reduction-small-platforms=262144"
    "memorysetup-temp-allocator-size-background-worker=32768"
    "memorysetup-temp-allocator-size-job-worker=262144"
    "memorysetup-temp-allocator-size-preload-manager=33554432"
    "memorysetup-temp-allocator-size-nav-mesh-worker=65536"
    "memorysetup-temp-allocator-size-audio-worker=65536"
    "memorysetup-temp-allocator-size-cloud-worker=32768"
    "memorysetup-temp-allocator-size-gi-baking-worker=262144"
    "memorysetup-temp-allocator-size-gfx=262144"
Refreshing native plugins compatible for Editor in 772.82 ms, found 3 plugins.
Preloading 0 native plugins for Editor in 0.00 ms.
Initialize engine version: 2021.3.6f1 (7da38d85baf6)
[Subsystems] Discovering subsystems at path C:/Users/msyang/Desktop/BBANGMAP/BBANG/2021.3.6f1/Editor/Data/Resources/UnitySubsystems
[Subsystems] Discovering subsystems at path C:/Users/msyang/Desktop/GITHUB/BBANG/BBANG_unity/Assets
GfxDevice: creating device client; threaded=0; jobified=0
Direct3D:
    Version:  Direct3D 11.0 [level 11.1]
    Renderer: Intel(R) Iris(R) Xe Graphics (ID=0x9a49)
    Vendor:   Intel
    VRAM:     8053 MB
    Driver:   30.0.100.9805
Initialize mono
Mono path[0] = 'C:/Users/msyang/Desktop/BBANGMAP/BBANG/2021.3.6f1/Editor/Data/Managed'
Mono path[1] = 'C:/Users/msyang/Desktop/BBANGMAP/BBANG/2021.3.6f1/Editor/Data/MonoBleedingEdge/lib/mono/unityjit-win32'
Mono config path = 'C:/Users/msyang/Desktop/BBANGMAP/BBANG/2021.3.6f1/Editor/Data/MonoBleedingEdge/etc'
Using monoOptions --debugger-agent=transport=dt_socket,embedding=1,server=y,suspend=n,address=127.0.0.1:56244
Begin MonoManager ReloadAssembly
Registering precompiled unity dll's ...
Register platform support module: C:/Users/msyang/Desktop/BBANGMAP/BBANG/2021.3.6f1/Editor/Data/PlaybackEngines/WindowsStandaloneSupport/UnityEditor.WindowsStandalone.Extensions.dll
Registered in 0.027794 seconds.
Native extension for WindowsStandalone target not found
Refreshing native plugins compatible for Editor in 294.80 ms, found 3 plugins.
Preloading 0 native plugins for Editor in 0.00 ms.
Mono: successfully reloaded assembly
- Completed reload, in  2.205 seconds
Domain Reload Profiling:
	ReloadAssembly (2206ms)
		BeginReloadAssembly (328ms)
			ExecutionOrderSort (0ms)
			DisableScriptedObjects (0ms)
			BackupInstance (0ms)
			ReleaseScriptingObjects (0ms)
			CreateAndSetChildDomain (10ms)
		EndReloadAssembly (1487ms)
			LoadAssemblies (282ms)
			RebuildTransferFunctionScriptingTraits (0ms)
			SetupTypeCache (333ms)
			ReleaseScriptCaches (0ms)
			RebuildScriptCaches (89ms)
			SetupLoadedEditorAssemblies (924ms)
				LogAssemblyErrors (0ms)
				InitializePlatformSupportModulesInManaged (22ms)
				SetLoadedEditorAssemblies (1ms)
				RefreshPlugins (295ms)
				BeforeProcessingInitializeOnLoad (2ms)
				ProcessInitializeOnLoadAttributes (484ms)
				ProcessInitializeOnLoadMethodAttributes (120ms)
				AfterProcessingInitializeOnLoad (0ms)
				EditorAssembliesLoaded (0ms)
			ExecutionOrderSort2 (0ms)
			AwakeInstancesAfterBackupRestoration (0ms)
Platform modules already initialized, skipping
Registering precompiled user dll's ...
Registered in 0.022085 seconds.
Begin MonoManager ReloadAssembly
Symbol file LoadedFromMemory doesn't match image C:\Users\msyang\Desktop\GITHUB\BBANG\BBANG_unity\Library\PackageCache\com.unity.visualscripting@1.7.8\Editor\VisualScripting.Core\Dependencies\YamlDotNet\Unity.VisualScripting.YamlDotNet.dll
Symbol file LoadedFromMemory doesn't match image C:\Users\msyang\Desktop\GITHUB\BBANG\BBANG_unity\Library\PackageCache\com.unity.visualscripting@1.7.8\Editor\VisualScripting.Core\Dependencies\DotNetZip\Unity.VisualScripting.IonicZip.dll
Native extension for WindowsStandalone target not found
Refreshing native plugins compatible for Editor in 1.33 ms, found 3 plugins.
Preloading 0 native plugins for Editor in 0.00 ms.
Mono: successfully reloaded assembly
- Completed reload, in  3.609 seconds
Domain Reload Profiling:
	ReloadAssembly (3611ms)
		BeginReloadAssembly (479ms)
			ExecutionOrderSort (0ms)
			DisableScriptedObjects (49ms)
			BackupInstance (0ms)
			ReleaseScriptingObjects (0ms)
			CreateAndSetChildDomain (43ms)
		EndReloadAssembly (2786ms)
			LoadAssemblies (331ms)
			RebuildTransferFunctionScriptingTraits (0ms)
			SetupTypeCache (837ms)
			ReleaseScriptCaches (1ms)
			RebuildScriptCaches (159ms)
			SetupLoadedEditorAssemblies (1408ms)
				LogAssemblyErrors (0ms)
				InitializePlatformSupportModulesInManaged (16ms)
				SetLoadedEditorAssemblies (1ms)
				RefreshPlugins (2ms)
				BeforeProcessingInitializeOnLoad (251ms)
				ProcessInitializeOnLoadAttributes (865ms)
				ProcessInitializeOnLoadMethodAttributes (250ms)
				AfterProcessingInitializeOnLoad (22ms)
				EditorAssembliesLoaded (0ms)
			ExecutionOrderSort2 (0ms)
			AwakeInstancesAfterBackupRestoration (24ms)
Platform modules already initialized, skipping
========================================================================
Worker process is ready to serve import requests
Launched and connected shader compiler UnityShaderCompiler.exe after 0.16 seconds
Refreshing native plugins compatible for Editor in 1.45 ms, found 3 plugins.
Preloading 0 native plugins for Editor in 0.00 ms.
Unloading 3382 Unused Serialized files (Serialized files now loaded: 0)
Unloading 25 unused Assets / (55.7 KB). Loaded Objects now: 3868.
Memory consumption went from 133.8 MB to 133.8 MB.
Total: 7.999900 ms (FindLiveObjects: 0.620600 ms CreateObjectMapping: 0.485000 ms MarkObjects: 6.730900 ms  DeleteObjects: 0.160800 ms)

AssetImportParameters requested are different than current active one (requested -> active):
  custom:video-decoder-ogg-theora: a1e56fd34408186e4bbccfd4996cb3dc -> 
  custom:container-muxer-webm: aa71ff27fc2769a1b78a27578f13a17b -> 
  custom:container-demuxer-webm: 4f35f7cbe854078d1ac9338744f61a02 -> 
  custom:video-encoder-webm-vp8: eb34c28f22e8b96e1ab97ce403110664 -> 
  custom:audio-encoder-webm-vorbis: bf7c407c2cedff20999df2af8eb42d56 -> 
  custom:framework-win-MediaFoundation: 216162199b28c13a410421893ffa2e32 -> 
  custom:container-demuxer-ogg: 62fdf1f143b41e24485cea50d1cbac27 -> 
  custom:video-decoder-webm-vp8: 9c59270c3fd7afecdb556c50c9e8de78 -> 
  custom:audio-decoder-ogg-vorbis: bf7c407c2cedff20999df2af8eb42d56 -> 
========================================================================
Received Import Request.
  Time since last request: 15888.386734 seconds.
  path: Assets/Playground Low Poly/Textures/T_Generic_colors.psd
  artifactKey: Guid(d0585de31bb7ab74494ca14f49ed62fb) Importer(815301076,1909f56bfc062723c751e8b465ee728b)
Start importing Assets/Playground Low Poly/Textures/T_Generic_colors.psd using Guid(d0585de31bb7ab74494ca14f49ed62fb) Importer(815301076,1909f56bfc062723c751e8b465ee728b)  -> (artifact id: '56d6d8d3166aed9525e6500fc91b7505') in 0.180687 seconds 
========================================================================
Received Import Request.
  Time since last request: 2.105603 seconds.
  path: Assets/JKT_Art/shadow/shadow.mat
  artifactKey: Guid(3358f37a9fee8dc458d5724a4c53642b) Importer(815301076,1909f56bfc062723c751e8b465ee728b)
Start importing Assets/JKT_Art/shadow/shadow.mat using Guid(3358f37a9fee8dc458d5724a4c53642b) Importer(815301076,1909f56bfc062723c751e8b465ee728b)  -> (artifact id: 'a3f044bc11601efa13714899e9c7311a') in 1.201297 seconds 
========================================================================
Received Import Request.
  Time since last request: 0.210104 seconds.
  path: Assets/POLYGON city pack/Meshes,textures/Buildings_FBX/Parking_checkOut.fbx
  artifactKey: Guid(f35bc84842ec9c0439f44801e52354f0) Importer(815301076,1909f56bfc062723c751e8b465ee728b)
Start importing Assets/POLYGON city pack/Meshes,textures/Buildings_FBX/Parking_checkOut.fbx using Guid(f35bc84842ec9c0439f44801e52354f0) Importer(815301076,1909f56bfc062723c751e8b465ee728b)  -> (artifact id: '2fbd6df467a572b9c552b5d3bbddac91') in 1.180132 seconds 
========================================================================
Received Import Request.
  Time since last request: 3.888502 seconds.
  path: Assets/school/DemoScene/all_objects1_Profiles/PP Profile.asset
  artifactKey: Guid(eb0c7f947126d924ebdcd292be9be7aa) Importer(815301076,1909f56bfc062723c751e8b465ee728b)
Start importing Assets/school/DemoScene/all_objects1_Profiles/PP Profile.asset using Guid(eb0c7f947126d924ebdcd292be9be7aa) Importer(815301076,1909f56bfc062723c751e8b465ee728b)  -> (artifact id: 'c53ae709eec423faaffa3e992c36dc17') in 0.024980 seconds 
========================================================================
Received Import Request.
  Time since last request: 1.476011 seconds.
  path: Assets/school/material/1.png
  artifactKey: Guid(4b03c68dd480c5946acba6280c21b674) Importer(815301076,1909f56bfc062723c751e8b465ee728b)
Start importing Assets/school/material/1.png using Guid(4b03c68dd480c5946acba6280c21b674) Importer(815301076,1909f56bfc062723c751e8b465ee728b)  -> (artifact id: '5e2f7e26f8808abaa40b1b02b8973221') in 0.028204 seconds 
========================================================================
Received Import Request.
  Time since last request: 2.889195 seconds.
  path: Assets/school/Prefabs/props
  artifactKey: Guid(c084cb9a2841b844ebc3f36760cb622d) Importer(815301076,1909f56bfc062723c751e8b465ee728b)
Start importing Assets/school/Prefabs/props using Guid(c084cb9a2841b844ebc3f36760cb622d) Importer(815301076,1909f56bfc062723c751e8b465ee728b)  -> (artifact id: 'e642733121b8815bebfdae7618ea6a2f') in 0.014498 seconds 
========================================================================
Received Import Request.
  Time since last request: 0.000029 seconds.
  path: Assets/school/Prefabs/props/board.prefab
  artifactKey: Guid(adb1204842363d949b4b739100f86523) Importer(815301076,1909f56bfc062723c751e8b465ee728b)
Start importing Assets/school/Prefabs/props/board.prefab using Guid(adb1204842363d949b4b739100f86523) Importer(815301076,1909f56bfc062723c751e8b465ee728b)  -> (artifact id: '90327312d90df6b1ae78c80c750e0c7f') in 1.176003 seconds 
========================================================================
Received Import Request.
  Time since last request: 0.000038 seconds.
  path: Assets/school/Prefabs/props/computer1.prefab
  artifactKey: Guid(8430fd56cfcb15941a1f31ea7f8f1915) Importer(815301076,1909f56bfc062723c751e8b465ee728b)
Start importing Assets/school/Prefabs/props/computer1.prefab using Guid(8430fd56cfcb15941a1f31ea7f8f1915) Importer(815301076,1909f56bfc062723c751e8b465ee728b)  -> (artifact id: 'a8aa4be390f12cbbe8750ab556218190') in 0.030602 seconds 
========================================================================
Received Import Request.
  Time since last request: 0.003419 seconds.
  path: Assets/school/Prefabs/props/book8.prefab
  artifactKey: Guid(945770b7f59f57549bb3e854e77a1de0) Importer(815301076,1909f56bfc062723c751e8b465ee728b)
Start importing Assets/school/Prefabs/props/book8.prefab using Guid(945770b7f59f57549bb3e854e77a1de0) Importer(815301076,1909f56bfc062723c751e8b465ee728b)  -> (artifact id: 'fdea1387f1dba7cfcab3fc5579424425') in 0.056849 seconds 
========================================================================
Received Import Request.
  Time since last request: 0.000031 seconds.
  path: Assets/school/Prefabs/props/board2_1.prefab
  artifactKey: Guid(b3341dfb909e87841afc69dcda0971e1) Importer(815301076,1909f56bfc062723c751e8b465ee728b)
Start importing Assets/school/Prefabs/props/board2_1.prefab using Guid(b3341dfb909e87841afc69dcda0971e1) Importer(815301076,1909f56bfc062723c751e8b465ee728b)  -> (artifact id: '086fe5dea0dc99f78c6a75958f63cf20') in 0.055455 seconds 
========================================================================
Received Import Request.
  Time since last request: 0.000049 seconds.
  path: Assets/school/Prefabs/props/board2_2.prefab
  artifactKey: Guid(f16c1a01fe11a1c4499b6704e5007d33) Importer(815301076,1909f56bfc062723c751e8b465ee728b)
Start importing Assets/school/Prefabs/props/board2_2.prefab using Guid(f16c1a01fe11a1c4499b6704e5007d33) Importer(815301076,1909f56bfc062723c751e8b465ee728b)  -> (artifact id: '8e0f527cc77de0c5bcdd3cc8126e65aa') in 0.045963 seconds 
========================================================================
Received Import Request.
  Time since last request: 0.000037 seconds.
  path: Assets/school/Prefabs/props/a laptop.prefab
  artifactKey: Guid(ec15f5ae191975f4d8de236356aaec36) Importer(815301076,1909f56bfc062723c751e8b465ee728b)
Start importing Assets/school/Prefabs/props/a laptop.prefab using Guid(ec15f5ae191975f4d8de236356aaec36) Importer(815301076,1909f56bfc062723c751e8b465ee728b)  -> (artifact id: 'b0920f7213b8829aefc44548ca7e3cc3') in 0.062027 seconds 
========================================================================
Received Import Request.
  Time since last request: 0.000028 seconds.
  path: Assets/school/Prefabs/props/locker_1.prefab
  artifactKey: Guid(4af7da65169b48c47b3b86e7d6323744) Importer(815301076,1909f56bfc062723c751e8b465ee728b)
Start importing Assets/school/Prefabs/props/locker_1.prefab using Guid(4af7da65169b48c47b3b86e7d6323744) Importer(815301076,1909f56bfc062723c751e8b465ee728b)  -> (artifact id: '7d1e52d3891aafcbcf80377ad0ad3c3d') in 0.046548 seconds 
========================================================================
Received Import Request.
  Time since last request: 0.000032 seconds.
  path: Assets/school/Prefabs/props/book7.prefab
  artifactKey: Guid(b4335bd599706fd488e027758d9ff789) Importer(815301076,1909f56bfc062723c751e8b465ee728b)
Start importing Assets/school/Prefabs/props/book7.prefab using Guid(b4335bd599706fd488e027758d9ff789) Importer(815301076,1909f56bfc062723c751e8b465ee728b)  -> (artifact id: 'e39f2937e7c1fa0918ab77ca90d685dd') in 0.062161 seconds 
========================================================================
Received Import Request.
  Time since last request: 0.000031 seconds.
  path: Assets/school/Prefabs/props/locker.prefab
  artifactKey: Guid(c2eb0536a6bbfb94590dc4ae7eb803da) Importer(815301076,1909f56bfc062723c751e8b465ee728b)
Start importing Assets/school/Prefabs/props/locker.prefab using Guid(c2eb0536a6bbfb94590dc4ae7eb803da) Importer(815301076,1909f56bfc062723c751e8b465ee728b)  -> (artifact id: 'd06ef916215e798144993c4d0213d85c') in 0.046478 seconds 
========================================================================
Received Import Request.
  Time since last request: 0.000044 seconds.
  path: Assets/school/Prefabs/props/locker2.prefab
  artifactKey: Guid(5c2334af47df6454c9e2eaadbfaa2cb0) Importer(815301076,1909f56bfc062723c751e8b465ee728b)
Start importing Assets/school/Prefabs/props/locker2.prefab using Guid(5c2334af47df6454c9e2eaadbfaa2cb0) Importer(815301076,1909f56bfc062723c751e8b465ee728b)  -> (artifact id: '4c224aca059f149de72b2a62bfab37f7') in 0.051088 seconds 
========================================================================
Received Import Request.
  Time since last request: 0.000031 seconds.
  path: Assets/school/Prefabs/props/board1.prefab
  artifactKey: Guid(883fda0b73369fe41bc2ed262338a937) Importer(815301076,1909f56bfc062723c751e8b465ee728b)
Start importing Assets/school/Prefabs/props/board1.prefab using Guid(883fda0b73369fe41bc2ed262338a937) Importer(815301076,1909f56bfc062723c751e8b465ee728b)  -> (artifact id: '39fb880e83755f3b64ef534c1d655cfd') in 0.040320 seconds 
========================================================================
Received Import Request.
  Time since last request: 0.000033 seconds.
  path: Assets/school/Prefabs/props/projector.prefab
  artifactKey: Guid(832c4b3dc1fa4234a995fcbdcce28404) Importer(815301076,1909f56bfc062723c751e8b465ee728b)
Start importing Assets/school/Prefabs/props/projector.prefab using Guid(832c4b3dc1fa4234a995fcbdcce28404) Importer(815301076,1909f56bfc062723c751e8b465ee728b)  -> (artifact id: '1dcb55ff973294bc4eb271b3e270565f') in 0.059249 seconds 
========================================================================
Received Import Request.
  Time since last request: 0.000026 seconds.
  path: Assets/school/Prefabs/props/computer3.prefab
  artifactKey: Guid(eae94336b6079e8469f20b721b0474cd) Importer(815301076,1909f56bfc062723c751e8b465ee728b)
Start importing Assets/school/Prefabs/props/computer3.prefab using Guid(eae94336b6079e8469f20b721b0474cd) Importer(815301076,1909f56bfc062723c751e8b465ee728b)  -> (artifact id: '25fab40ae31d71a6c48909af82485cbb') in 0.036487 seconds 
========================================================================
Received Import Request.
  Time since last request: 0.000309 seconds.
  path: Assets/school/Prefabs/props/book11.prefab
  artifactKey: Guid(26790024c0a59a4459d89f66a856faa2) Importer(815301076,1909f56bfc062723c751e8b465ee728b)
Start importing Assets/school/Prefabs/props/book11.prefab using Guid(26790024c0a59a4459d89f66a856faa2) Importer(815301076,1909f56bfc062723c751e8b465ee728b)  -> (artifact id: '7736a740e688dc1715b14d5989b7b159') in 0.065179 seconds 
========================================================================
Received Import Request.
  Time since last request: 0.000038 seconds.
  path: Assets/school/Prefabs/props/book5.prefab
  artifactKey: Guid(e0a660c9a16ebaa409248e8f87be4086) Importer(815301076,1909f56bfc062723c751e8b465ee728b)
Start importing Assets/school/Prefabs/props/book5.prefab using Guid(e0a660c9a16ebaa409248e8f87be4086) Importer(815301076,1909f56bfc062723c751e8b465ee728b)  -> (artifact id: '743221340def7996e1b3222134f6ed29') in 0.052751 seconds 
========================================================================
Received Import Request.
  Time since last request: 0.000027 seconds.
  path: Assets/school/Prefabs/props/book13.prefab
  artifactKey: Guid(a2d69f66b9cfcbb41adcd641f6757042) Importer(815301076,1909f56bfc062723c751e8b465ee728b)
Start importing Assets/school/Prefabs/props/book13.prefab using Guid(a2d69f66b9cfcbb41adcd641f6757042) Importer(815301076,1909f56bfc062723c751e8b465ee728b)  -> (artifact id: 'ec9362a35cf0ea922df1fec24f27efc1') in 0.046027 seconds 
========================================================================
Received Import Request.
  Time since last request: 0.000030 seconds.
  path: Assets/school/Prefabs/props/bus.prefab
  artifactKey: Guid(876481ee83f852b49901155a05d155d5) Importer(815301076,1909f56bfc062723c751e8b465ee728b)
Start importing Assets/school/Prefabs/props/bus.prefab using Guid(876481ee83f852b49901155a05d155d5) Importer(815301076,1909f56bfc062723c751e8b465ee728b)  -> (artifact id: '2dd6df1e7bc5fa55c5a05438fc5a8c2a') in 0.069438 seconds 
========================================================================
Received Import Request.
  Time since last request: 0.000030 seconds.
  path: Assets/school/Prefabs/props/fire.prefab
  artifactKey: Guid(9b95a03e0e9ba914da4f1c7fb5a46ab7) Importer(815301076,1909f56bfc062723c751e8b465ee728b)
Start importing Assets/school/Prefabs/props/fire.prefab using Guid(9b95a03e0e9ba914da4f1c7fb5a46ab7) Importer(815301076,1909f56bfc062723c751e8b465ee728b)  -> (artifact id: '170ffb8e6e7922057c153b40289d30e5') in 0.116904 seconds 
========================================================================
Received Import Request.
  Time since last request: 0.002084 seconds.
  path: Assets/school/Prefabs/props/computer2.prefab
  artifactKey: Guid(c9909a6c1892fd04cb840ad5329e558e) Importer(815301076,1909f56bfc062723c751e8b465ee728b)
Start importing Assets/school/Prefabs/props/computer2.prefab using Guid(c9909a6c1892fd04cb840ad5329e558e) Importer(815301076,1909f56bfc062723c751e8b465ee728b)  -> (artifact id: '68f9dd8a55c84187e38c726549d2fc03') in 0.064708 seconds 
========================================================================
Received Import Request.
  Time since last request: 0.000032 seconds.
  path: Assets/school/Prefabs/props/locker_4.prefab
  artifactKey: Guid(685803a48200879419cbf0f982932eb1) Importer(815301076,1909f56bfc062723c751e8b465ee728b)
Start importing Assets/school/Prefabs/props/locker_4.prefab using Guid(685803a48200879419cbf0f982932eb1) Importer(815301076,1909f56bfc062723c751e8b465ee728b)  -> (artifact id: 'b720737da368198480c93542bad9b093') in 0.069800 seconds 
========================================================================
Received Import Request.
  Time since last request: 0.001439 seconds.
  path: Assets/school/Prefabs/props/book.prefab
  artifactKey: Guid(924e5835feca5774baf83fefc095dad6) Importer(815301076,1909f56bfc062723c751e8b465ee728b)
Start importing Assets/school/Prefabs/props/book.prefab using Guid(924e5835feca5774baf83fefc095dad6) Importer(815301076,1909f56bfc062723c751e8b465ee728b)  -> (artifact id: '6d06481e3710c6ee89152960049b7703') in 0.055264 seconds 
========================================================================
Received Import Request.
  Time since last request: 0.000033 seconds.
  path: Assets/school/Prefabs/props/locker_3.prefab
  artifactKey: Guid(0480571cf64de034d9d908aa51157db8) Importer(815301076,1909f56bfc062723c751e8b465ee728b)
Start importing Assets/school/Prefabs/props/locker_3.prefab using Guid(0480571cf64de034d9d908aa51157db8) Importer(815301076,1909f56bfc062723c751e8b465ee728b)  -> (artifact id: '39316d2d184125f7f1bcdd3a70be17d8') in 0.036028 seconds 
========================================================================
Received Import Request.
  Time since last request: 0.000040 seconds.
  path: Assets/school/Prefabs/props/chair.prefab
  artifactKey: Guid(5a652a60006d6ec46980e623412396f9) Importer(815301076,1909f56bfc062723c751e8b465ee728b)
Start importing Assets/school/Prefabs/props/chair.prefab using Guid(5a652a60006d6ec46980e623412396f9) Importer(815301076,1909f56bfc062723c751e8b465ee728b)  -> (artifact id: 'a04e8d2aa2703f64ae82340833ae5ac0') in 0.063328 seconds 
========================================================================
Received Import Request.
  Time since last request: 0.000032 seconds.
  path: Assets/school/Prefabs/props/book1.prefab
  artifactKey: Guid(f35bd34b33d70144ca22184a194ae6a4) Importer(815301076,1909f56bfc062723c751e8b465ee728b)
Start importing Assets/school/Prefabs/props/book1.prefab using Guid(f35bd34b33d70144ca22184a194ae6a4) Importer(815301076,1909f56bfc062723c751e8b465ee728b)  -> (artifact id: '9fb2ec30b21d8a07f5a65232a270b0d9') in 0.080576 seconds 
Editor requested this worker to shutdown with reason: Scaling down because of idle timeout
AssetImportWorker is now disconnected from the server
Process exiting
Exiting without the bug reporter. Application will terminate with return code 0