Using pre-set license
Built from '2021.3/staging' branch; Version is '2021.3.6f1 (7da38d85baf6) revision 8233869'; Using compiler version '192829333'; Build Type 'Release'
OS: 'Windows 11  (10.0.22000) 64bit Core' Language: 'ko' Physical Memory: 7900 MB
BatchMode: 1, IsHumanControllingUs: 0, StartBugReporterOnCrash: 0, Is64bit: 1, IsPro: 1

COMMAND LINE ARGUMENTS:
C:\Program Files\Unity\Hub\Editor\2021.3.6f1\Editor\Unity.exe
-adb2
-batchMode
-noUpm
-name
AssetImportWorker1
-projectPath
C:/Users/tjdnf/OneDrive/문서/GitHub/BBANG/BBANG_unity
-logFile
Logs/AssetImportWorker1.log
-srvPort
61407
Successfully changed project path to: C:/Users/tjdnf/OneDrive/문서/GitHub/BBANG/BBANG_unity
C:/Users/tjdnf/OneDrive/문서/GitHub/BBANG/BBANG_unity
[UnityMemory] Configuration Parameters - Can be set up in boot.config
    "memorysetup-bucket-allocator-granularity=16"
    "memorysetup-bucket-allocator-bucket-count=8"
    "memorysetup-bucket-allocator-block-size=33554432"
    "memorysetup-bucket-allocator-block-count=8"
    "memorysetup-main-allocator-block-size=16777216"
    "memorysetup-thread-allocator-block-size=16777216"
    "memorysetup-gfx-main-allocator-block-size=16777216"
    "memorysetup-gfx-thread-allocator-block-size=16777216"
    "memorysetup-cache-allocator-block-size=4194304"
    "memorysetup-typetree-allocator-block-size=2097152"
    "memorysetup-profiler-bucket-allocator-granularity=16"
    "memorysetup-profiler-bucket-allocator-bucket-count=8"
    "memorysetup-profiler-bucket-allocator-block-size=33554432"
    "memorysetup-profiler-bucket-allocator-block-count=8"
    "memorysetup-profiler-allocator-block-size=16777216"
    "memorysetup-profiler-editor-allocator-block-size=1048576"
    "memorysetup-temp-allocator-size-main=16777216"
    "memorysetup-job-temp-allocator-block-size=2097152"
    "memorysetup-job-temp-allocator-block-size-background=1048576"
    "memorysetup-job-temp-allocator-reduction-small-platforms=262144"
    "memorysetup-temp-allocator-size-background-worker=32768"
    "memorysetup-temp-allocator-size-job-worker=262144"
    "memorysetup-temp-allocator-size-preload-manager=33554432"
    "memorysetup-temp-allocator-size-nav-mesh-worker=65536"
    "memorysetup-temp-allocator-size-audio-worker=65536"
    "memorysetup-temp-allocator-size-cloud-worker=32768"
    "memorysetup-temp-allocator-size-gi-baking-worker=262144"
    "memorysetup-temp-allocator-size-gfx=262144"
Refreshing native plugins compatible for Editor in 75.22 ms, found 3 plugins.
Preloading 0 native plugins for Editor in 0.00 ms.
Initialize engine version: 2021.3.6f1 (7da38d85baf6)
[Subsystems] Discovering subsystems at path C:/Program Files/Unity/Hub/Editor/2021.3.6f1/Editor/Data/Resources/UnitySubsystems
[Subsystems] Discovering subsystems at path C:/Users/tjdnf/OneDrive/문서/GitHub/BBANG/BBANG_unity/Assets
GfxDevice: creating device client; threaded=0; jobified=0
Direct3D:
    Version:  Direct3D 11.0 [level 11.1]
    Renderer: Intel(R) Iris(R) Xe Graphics (ID=0x9a49)
    Vendor:   Intel
    VRAM:     3950 MB
    Driver:   30.0.100.9836
Initialize mono
Mono path[0] = 'C:/Program Files/Unity/Hub/Editor/2021.3.6f1/Editor/Data/Managed'
Mono path[1] = 'C:/Program Files/Unity/Hub/Editor/2021.3.6f1/Editor/Data/MonoBleedingEdge/lib/mono/unityjit-win32'
Mono config path = 'C:/Program Files/Unity/Hub/Editor/2021.3.6f1/Editor/Data/MonoBleedingEdge/etc'
Using monoOptions --debugger-agent=transport=dt_socket,embedding=1,server=y,suspend=n,address=127.0.0.1:56656
Begin MonoManager ReloadAssembly
Registering precompiled unity dll's ...
Register platform support module: C:/Program Files/Unity/Hub/Editor/2021.3.6f1/Editor/Data/PlaybackEngines/WebGLSupport/UnityEditor.WebGL.Extensions.dll
Register platform support module: C:/Program Files/Unity/Hub/Editor/2021.3.6f1/Editor/Data/PlaybackEngines/WindowsStandaloneSupport/UnityEditor.WindowsStandalone.Extensions.dll
Registered in 0.013373 seconds.
Native extension for WindowsStandalone target not found
Native extension for WebGL target not found
Refreshing native plugins compatible for Editor in 81.95 ms, found 3 plugins.
Preloading 0 native plugins for Editor in 0.00 ms.
Mono: successfully reloaded assembly
- Completed reload, in  0.652 seconds
Domain Reload Profiling:
	ReloadAssembly (652ms)
		BeginReloadAssembly (106ms)
			ExecutionOrderSort (0ms)
			DisableScriptedObjects (0ms)
			BackupInstance (0ms)
			ReleaseScriptingObjects (0ms)
			CreateAndSetChildDomain (1ms)
		EndReloadAssembly (431ms)
			LoadAssemblies (102ms)
			RebuildTransferFunctionScriptingTraits (0ms)
			SetupTypeCache (95ms)
			ReleaseScriptCaches (0ms)
			RebuildScriptCaches (23ms)
			SetupLoadedEditorAssemblies (266ms)
				LogAssemblyErrors (0ms)
				InitializePlatformSupportModulesInManaged (9ms)
				SetLoadedEditorAssemblies (0ms)
				RefreshPlugins (82ms)
				BeforeProcessingInitializeOnLoad (1ms)
				ProcessInitializeOnLoadAttributes (118ms)
				ProcessInitializeOnLoadMethodAttributes (55ms)
				AfterProcessingInitializeOnLoad (0ms)
				EditorAssembliesLoaded (0ms)
			ExecutionOrderSort2 (0ms)
			AwakeInstancesAfterBackupRestoration (0ms)
Platform modules already initialized, skipping
Registering precompiled user dll's ...
Registered in 0.014533 seconds.
Begin MonoManager ReloadAssembly
Symbol file LoadedFromMemory doesn't match image C:\Users\tjdnf\OneDrive\문서\GitHub\BBANG\BBANG_unity\Library\PackageCache\com.unity.visualscripting@1.7.8\Editor\VisualScripting.Core\Dependencies\YamlDotNet\Unity.VisualScripting.YamlDotNet.dll
Symbol file LoadedFromMemory doesn't match image C:\Users\tjdnf\OneDrive\문서\GitHub\BBANG\BBANG_unity\Library\PackageCache\com.unity.visualscripting@1.7.8\Editor\VisualScripting.Core\Dependencies\DotNetZip\Unity.VisualScripting.IonicZip.dll
Native extension for WindowsStandalone target not found
Native extension for WebGL target not found
Refreshing native plugins compatible for Editor in 0.90 ms, found 3 plugins.
Preloading 0 native plugins for Editor in 0.00 ms.
Mono: successfully reloaded assembly
- Completed reload, in  1.172 seconds
Domain Reload Profiling:
	ReloadAssembly (1174ms)
		BeginReloadAssembly (143ms)
			ExecutionOrderSort (0ms)
			DisableScriptedObjects (5ms)
			BackupInstance (0ms)
			ReleaseScriptingObjects (0ms)
			CreateAndSetChildDomain (18ms)
		EndReloadAssembly (913ms)
			LoadAssemblies (162ms)
			RebuildTransferFunctionScriptingTraits (0ms)
			SetupTypeCache (265ms)
			ReleaseScriptCaches (1ms)
			RebuildScriptCaches (43ms)
			SetupLoadedEditorAssemblies (412ms)
				LogAssemblyErrors (0ms)
				InitializePlatformSupportModulesInManaged (8ms)
				SetLoadedEditorAssemblies (0ms)
				RefreshPlugins (1ms)
				BeforeProcessingInitializeOnLoad (92ms)
				ProcessInitializeOnLoadAttributes (252ms)
				ProcessInitializeOnLoadMethodAttributes (35ms)
				AfterProcessingInitializeOnLoad (23ms)
				EditorAssembliesLoaded (0ms)
			ExecutionOrderSort2 (0ms)
			AwakeInstancesAfterBackupRestoration (27ms)
Platform modules already initialized, skipping
========================================================================
Worker process is ready to serve import requests
Launched and connected shader compiler UnityShaderCompiler.exe after 0.06 seconds
Refreshing native plugins compatible for Editor in 0.51 ms, found 3 plugins.
Preloading 0 native plugins for Editor in 0.00 ms.
Unloading 3370 Unused Serialized files (Serialized files now loaded: 0)
Unloading 27 unused Assets / (111.0 KB). Loaded Objects now: 3829.
Memory consumption went from 116.3 MB to 116.2 MB.
Total: 3.310500 ms (FindLiveObjects: 0.245700 ms CreateObjectMapping: 0.086700 ms MarkObjects: 2.683200 ms  DeleteObjects: 0.294000 ms)

AssetImportParameters requested are different than current active one (requested -> active):
  custom:video-decoder-ogg-theora: a1e56fd34408186e4bbccfd4996cb3dc -> 
  custom:container-muxer-webm: aa71ff27fc2769a1b78a27578f13a17b -> 
  custom:container-demuxer-webm: 4f35f7cbe854078d1ac9338744f61a02 -> 
  custom:video-encoder-webm-vp8: eb34c28f22e8b96e1ab97ce403110664 -> 
  custom:audio-encoder-webm-vorbis: bf7c407c2cedff20999df2af8eb42d56 -> 
  custom:framework-win-MediaFoundation: 216162199b28c13a410421893ffa2e32 -> 
  custom:container-demuxer-ogg: 62fdf1f143b41e24485cea50d1cbac27 -> 
  custom:video-decoder-webm-vp8: 9c59270c3fd7afecdb556c50c9e8de78 -> 
  custom:audio-decoder-ogg-vorbis: bf7c407c2cedff20999df2af8eb42d56 -> 
========================================================================
Received Import Request.
  Time since last request: 1335118.072433 seconds.
  path: Assets/Soldier_Body_diffuse.png
  artifactKey: Guid(9a2bfdbeb2560724cbc1f423384ae7f6) Importer(815301076,1909f56bfc062723c751e8b465ee728b)
Start importing Assets/Soldier_Body_diffuse.png using Guid(9a2bfdbeb2560724cbc1f423384ae7f6) Importer(815301076,1909f56bfc062723c751e8b465ee728b)  -> (artifact id: 'ae722279c5b415698c17c0edf55e28c7') in 0.223416 seconds 
========================================================================
Received Import Request.
  Time since last request: 0.000032 seconds.
  path: Assets/Soldier_head_normal.png
  artifactKey: Guid(3ff1d18c545da364aafd1f0e871b9f92) Importer(815301076,1909f56bfc062723c751e8b465ee728b)
Start importing Assets/Soldier_head_normal.png using Guid(3ff1d18c545da364aafd1f0e871b9f92) Importer(815301076,1909f56bfc062723c751e8b465ee728b)  -> (artifact id: '8dd7c41c52c70f2bcd7e463eb8de0ef0') in 0.023283 seconds 
========================================================================
Received Import Request.
  Time since last request: 23.455540 seconds.
  path: Assets/Soldier_head6.mat
  artifactKey: Guid(4b557e29eb8b57a42b51be8d3041c360) Importer(815301076,1909f56bfc062723c751e8b465ee728b)
Start importing Assets/Soldier_head6.mat using Guid(4b557e29eb8b57a42b51be8d3041c360) Importer(815301076,1909f56bfc062723c751e8b465ee728b)  -> (artifact id: '8285679b77b2dc7fdf8360777d21c790') in 0.332418 seconds 
========================================================================
Received Import Request.
  Time since last request: 107.000530 seconds.
  path: Assets/Prefabs/New characters/Soldier_Body_diffuse.png
  artifactKey: Guid(d2f083ec086fdcc4b849f8b53126f5cb) Importer(815301076,1909f56bfc062723c751e8b465ee728b)
Start importing Assets/Prefabs/New characters/Soldier_Body_diffuse.png using Guid(d2f083ec086fdcc4b849f8b53126f5cb) Importer(815301076,1909f56bfc062723c751e8b465ee728b)  -> (artifact id: '29e2e3e0c9ce8e7b2b1fd23d0c90e80b') in 0.015839 seconds 
========================================================================
Received Import Request.
  Time since last request: 0.000037 seconds.
  path: Assets/Prefabs/New characters/Soldier_head_specular.png
  artifactKey: Guid(a8c55427b7e35e44d9c4e6e3a5dff03f) Importer(815301076,1909f56bfc062723c751e8b465ee728b)
Start importing Assets/Prefabs/New characters/Soldier_head_specular.png using Guid(a8c55427b7e35e44d9c4e6e3a5dff03f) Importer(815301076,1909f56bfc062723c751e8b465ee728b)  -> (artifact id: '41429944ded7225d42337a46654692d0') in 0.023947 seconds 
========================================================================
Received Import Request.
  Time since last request: 0.000045 seconds.
  path: Assets/Prefabs/New characters/Soldier_head_normal.png
  artifactKey: Guid(652747be943b1f0449d6e78cd0e3bcaf) Importer(815301076,1909f56bfc062723c751e8b465ee728b)
Start importing Assets/Prefabs/New characters/Soldier_head_normal.png using Guid(652747be943b1f0449d6e78cd0e3bcaf) Importer(815301076,1909f56bfc062723c751e8b465ee728b)  -> (artifact id: '71313004d254854ebf0e8a9cd0d90d92') in 0.022441 seconds 
========================================================================
Received Import Request.
  Time since last request: 0.000067 seconds.
  path: Assets/Prefabs/New characters/Soldier_head6.mat
  artifactKey: Guid(c90d0b2085d7da0419a9d19fd86c0cc8) Importer(815301076,1909f56bfc062723c751e8b465ee728b)
Start importing Assets/Prefabs/New characters/Soldier_head6.mat using Guid(c90d0b2085d7da0419a9d19fd86c0cc8) Importer(815301076,1909f56bfc062723c751e8b465ee728b)  -> (artifact id: 'cc0d22017196748de46be0b9e7287c04') in 0.028006 seconds 
========================================================================
Received Import Request.
  Time since last request: 0.000031 seconds.
  path: Assets/Prefabs/New characters/Soldier_Body_specular.png
  artifactKey: Guid(a39c8bd67da10354093342d97d37fcd1) Importer(815301076,1909f56bfc062723c751e8b465ee728b)
Start importing Assets/Prefabs/New characters/Soldier_Body_specular.png using Guid(a39c8bd67da10354093342d97d37fcd1) Importer(815301076,1909f56bfc062723c751e8b465ee728b)  -> (artifact id: '440edbb9651d3f1ede4b21bc111ee677') in 0.015230 seconds 
========================================================================
Received Import Request.
  Time since last request: 0.000033 seconds.
  path: Assets/Prefabs/New characters/Soldier_head_diffuse.png
  artifactKey: Guid(ee633055acd423e4c9dc9bcab86b35cf) Importer(815301076,1909f56bfc062723c751e8b465ee728b)
Start importing Assets/Prefabs/New characters/Soldier_head_diffuse.png using Guid(ee633055acd423e4c9dc9bcab86b35cf) Importer(815301076,1909f56bfc062723c751e8b465ee728b)  -> (artifact id: '674a4f1df2a8f543be5b7f07ffeaa7ad') in 0.020332 seconds 
========================================================================
Received Import Request.
  Time since last request: 0.000031 seconds.
  path: Assets/Prefabs/New characters/swat.fbx
  artifactKey: Guid(e31c1abe8ca32e648933a8885c650792) Importer(815301076,1909f56bfc062723c751e8b465ee728b)
Start importing Assets/Prefabs/New characters/swat.fbx using Guid(e31c1abe8ca32e648933a8885c650792) Importer(815301076,1909f56bfc062723c751e8b465ee728b)  -> (artifact id: '44eb99f13bba2ab7480ade75288ccfd6') in 0.124921 seconds 
========================================================================
Received Import Request.
  Time since last request: 28.506055 seconds.
  path: Assets/Prefabs/New characters/Soldier_head6.mat
  artifactKey: Guid(c90d0b2085d7da0419a9d19fd86c0cc8) Importer(815301076,1909f56bfc062723c751e8b465ee728b)
Start importing Assets/Prefabs/New characters/Soldier_head6.mat using Guid(c90d0b2085d7da0419a9d19fd86c0cc8) Importer(815301076,1909f56bfc062723c751e8b465ee728b)  -> (artifact id: 'fc52bc5766ff1e0b604c51418493ac09') in 0.014604 seconds 
========================================================================
Received Import Request.
  Time since last request: 24.584502 seconds.
  path: Assets/Prefabs/New characters/Soldier_Body_diffuse.png
  artifactKey: Guid(4a833dd4d3e3a814fbf401df287043fc) Importer(815301076,1909f56bfc062723c751e8b465ee728b)
Start importing Assets/Prefabs/New characters/Soldier_Body_diffuse.png using Guid(4a833dd4d3e3a814fbf401df287043fc) Importer(815301076,1909f56bfc062723c751e8b465ee728b)  -> (artifact id: 'd5624b3ff56275d475d36a668a5571f8') in 0.022194 seconds 
========================================================================
Received Import Request.
  Time since last request: 0.000034 seconds.
  path: Assets/Prefabs/New characters/Soldier_head_specular.png
  artifactKey: Guid(6ae2009488a561e49897b933500ee662) Importer(815301076,1909f56bfc062723c751e8b465ee728b)
Start importing Assets/Prefabs/New characters/Soldier_head_specular.png using Guid(6ae2009488a561e49897b933500ee662) Importer(815301076,1909f56bfc062723c751e8b465ee728b)  -> (artifact id: '9133b8bd79ccba5ef920bc8ff442b27f') in 0.020545 seconds 
========================================================================
Received Import Request.
  Time since last request: 0.000071 seconds.
  path: Assets/Prefabs/New characters/Soldier_head_diffuse.png
  artifactKey: Guid(dcf5a07ee0f87df41aa060c2158fbd8e) Importer(815301076,1909f56bfc062723c751e8b465ee728b)
Start importing Assets/Prefabs/New characters/Soldier_head_diffuse.png using Guid(dcf5a07ee0f87df41aa060c2158fbd8e) Importer(815301076,1909f56bfc062723c751e8b465ee728b)  -> (artifact id: '787591c54edbba8b870a26390026c279') in 0.020956 seconds 
Editor requested this worker to shutdown with reason: Scaling down because of idle timeout
AssetImportWorker is now disconnected from the server
Process exiting
Exiting without the bug reporter. Application will terminate with return code 0