Using pre-set license
Built from '2021.3/staging' branch; Version is '2021.3.6f1 (7da38d85baf6) revision 8233869'; Using compiler version '192829333'; Build Type 'Release'
OS: 'Windows 10  (10.0.19044) 64bit Education' Language: 'ko' Physical Memory: 16335 MB
BatchMode: 1, IsHumanControllingUs: 0, StartBugReporterOnCrash: 0, Is64bit: 1, IsPro: 1

COMMAND LINE ARGUMENTS:
G:\Program\Unity\Hub\Editor\2021.3.6f1\Editor\Unity.exe
-adb2
-batchMode
-noUpm
-name
AssetImportWorker2
-projectPath
G:/Coding/Unity/git/BBANG/BBANG_unity
-logFile
Logs/AssetImportWorker2.log
-srvPort
10845
Successfully changed project path to: G:/Coding/Unity/git/BBANG/BBANG_unity
G:/Coding/Unity/git/BBANG/BBANG_unity
[UnityMemory] Configuration Parameters - Can be set up in boot.config
    "memorysetup-bucket-allocator-granularity=16"
    "memorysetup-bucket-allocator-bucket-count=8"
    "memorysetup-bucket-allocator-block-size=33554432"
    "memorysetup-bucket-allocator-block-count=8"
    "memorysetup-main-allocator-block-size=16777216"
    "memorysetup-thread-allocator-block-size=16777216"
    "memorysetup-gfx-main-allocator-block-size=16777216"
    "memorysetup-gfx-thread-allocator-block-size=16777216"
    "memorysetup-cache-allocator-block-size=4194304"
    "memorysetup-typetree-allocator-block-size=2097152"
    "memorysetup-profiler-bucket-allocator-granularity=16"
    "memorysetup-profiler-bucket-allocator-bucket-count=8"
    "memorysetup-profiler-bucket-allocator-block-size=33554432"
    "memorysetup-profiler-bucket-allocator-block-count=8"
    "memorysetup-profiler-allocator-block-size=16777216"
    "memorysetup-profiler-editor-allocator-block-size=1048576"
    "memorysetup-temp-allocator-size-main=16777216"
    "memorysetup-job-temp-allocator-block-size=2097152"
    "memorysetup-job-temp-allocator-block-size-background=1048576"
    "memorysetup-job-temp-allocator-reduction-small-platforms=262144"
    "memorysetup-temp-allocator-size-background-worker=32768"
    "memorysetup-temp-allocator-size-job-worker=262144"
    "memorysetup-temp-allocator-size-preload-manager=33554432"
    "memorysetup-temp-allocator-size-nav-mesh-worker=65536"
    "memorysetup-temp-allocator-size-audio-worker=65536"
    "memorysetup-temp-allocator-size-cloud-worker=32768"
    "memorysetup-temp-allocator-size-gi-baking-worker=262144"
    "memorysetup-temp-allocator-size-gfx=262144"
Refreshing native plugins compatible for Editor in 104.51 ms, found 3 plugins.
Preloading 0 native plugins for Editor in 0.00 ms.
Initialize engine version: 2021.3.6f1 (7da38d85baf6)
[Subsystems] Discovering subsystems at path G:/Program/Unity/Hub/Editor/2021.3.6f1/Editor/Data/Resources/UnitySubsystems
[Subsystems] Discovering subsystems at path G:/Coding/Unity/git/BBANG/BBANG_unity/Assets
GfxDevice: creating device client; threaded=0; jobified=0
Direct3D:
    Version:  Direct3D 11.0 [level 11.1]
    Renderer: NVIDIA GeForce GTX 1060 6GB (ID=0x1c03)
    Vendor:   NVIDIA
    VRAM:     6052 MB
    Driver:   30.0.15.1215
Initialize mono
Mono path[0] = 'G:/Program/Unity/Hub/Editor/2021.3.6f1/Editor/Data/Managed'
Mono path[1] = 'G:/Program/Unity/Hub/Editor/2021.3.6f1/Editor/Data/MonoBleedingEdge/lib/mono/unityjit-win32'
Mono config path = 'G:/Program/Unity/Hub/Editor/2021.3.6f1/Editor/Data/MonoBleedingEdge/etc'
Using monoOptions --debugger-agent=transport=dt_socket,embedding=1,server=y,suspend=n,address=127.0.0.1:56900
Begin MonoManager ReloadAssembly
Registering precompiled unity dll's ...
Register platform support module: G:/Program/Unity/Hub/Editor/2021.3.6f1/Editor/Data/PlaybackEngines/WindowsStandaloneSupport/UnityEditor.WindowsStandalone.Extensions.dll
Registered in 0.007996 seconds.
Native extension for WindowsStandalone target not found
Refreshing native plugins compatible for Editor in 98.08 ms, found 3 plugins.
Preloading 0 native plugins for Editor in 0.00 ms.
Mono: successfully reloaded assembly
- Completed reload, in  0.785 seconds
Domain Reload Profiling:
	ReloadAssembly (786ms)
		BeginReloadAssembly (120ms)
			ExecutionOrderSort (0ms)
			DisableScriptedObjects (0ms)
			BackupInstance (0ms)
			ReleaseScriptingObjects (0ms)
			CreateAndSetChildDomain (1ms)
		EndReloadAssembly (529ms)
			LoadAssemblies (119ms)
			RebuildTransferFunctionScriptingTraits (0ms)
			SetupTypeCache (126ms)
			ReleaseScriptCaches (0ms)
			RebuildScriptCaches (33ms)
			SetupLoadedEditorAssemblies (310ms)
				LogAssemblyErrors (0ms)
				InitializePlatformSupportModulesInManaged (7ms)
				SetLoadedEditorAssemblies (0ms)
				RefreshPlugins (98ms)
				BeforeProcessingInitializeOnLoad (1ms)
				ProcessInitializeOnLoadAttributes (142ms)
				ProcessInitializeOnLoadMethodAttributes (61ms)
				AfterProcessingInitializeOnLoad (0ms)
				EditorAssembliesLoaded (0ms)
			ExecutionOrderSort2 (0ms)
			AwakeInstancesAfterBackupRestoration (0ms)
Platform modules already initialized, skipping
Registering precompiled user dll's ...
Registered in 0.008259 seconds.
Begin MonoManager ReloadAssembly
Symbol file LoadedFromMemory doesn't match image G:\Coding\Unity\git\BBANG\BBANG_unity\Library\PackageCache\com.unity.visualscripting@1.7.8\Editor\VisualScripting.Core\Dependencies\YamlDotNet\Unity.VisualScripting.YamlDotNet.dll
Symbol file LoadedFromMemory doesn't match image G:\Coding\Unity\git\BBANG\BBANG_unity\Library\PackageCache\com.unity.visualscripting@1.7.8\Editor\VisualScripting.Core\Dependencies\DotNetZip\Unity.VisualScripting.IonicZip.dll
Native extension for WindowsStandalone target not found
Refreshing native plugins compatible for Editor in 1.16 ms, found 3 plugins.
Preloading 0 native plugins for Editor in 0.00 ms.
Mono: successfully reloaded assembly
- Completed reload, in  1.310 seconds
Domain Reload Profiling:
	ReloadAssembly (1311ms)
		BeginReloadAssembly (193ms)
			ExecutionOrderSort (0ms)
			DisableScriptedObjects (6ms)
			BackupInstance (0ms)
			ReleaseScriptingObjects (0ms)
			CreateAndSetChildDomain (25ms)
		EndReloadAssembly (962ms)
			LoadAssemblies (163ms)
			RebuildTransferFunctionScriptingTraits (0ms)
			SetupTypeCache (327ms)
			ReleaseScriptCaches (1ms)
			RebuildScriptCaches (64ms)
			SetupLoadedEditorAssemblies (424ms)
				LogAssemblyErrors (0ms)
				InitializePlatformSupportModulesInManaged (6ms)
				SetLoadedEditorAssemblies (1ms)
				RefreshPlugins (1ms)
				BeforeProcessingInitializeOnLoad (101ms)
				ProcessInitializeOnLoadAttributes (274ms)
				ProcessInitializeOnLoadMethodAttributes (37ms)
				AfterProcessingInitializeOnLoad (5ms)
				EditorAssembliesLoaded (0ms)
			ExecutionOrderSort2 (0ms)
			AwakeInstancesAfterBackupRestoration (17ms)
Platform modules already initialized, skipping
========================================================================
Worker process is ready to serve import requests
Launched and connected shader compiler UnityShaderCompiler.exe after 0.10 seconds
Refreshing native plugins compatible for Editor in 0.89 ms, found 3 plugins.
Preloading 0 native plugins for Editor in 0.00 ms.
Unloading 3369 Unused Serialized files (Serialized files now loaded: 0)
Unloading 27 unused Assets / (111.0 KB). Loaded Objects now: 3828.
Memory consumption went from 120.8 MB to 120.7 MB.
Total: 13.198700 ms (FindLiveObjects: 0.412500 ms CreateObjectMapping: 0.370700 ms MarkObjects: 12.281000 ms  DeleteObjects: 0.133300 ms)

AssetImportParameters requested are different than current active one (requested -> active):
  custom:video-decoder-ogg-theora: a1e56fd34408186e4bbccfd4996cb3dc -> 
  custom:container-muxer-webm: aa71ff27fc2769a1b78a27578f13a17b -> 
  custom:container-demuxer-webm: 4f35f7cbe854078d1ac9338744f61a02 -> 
  custom:video-encoder-webm-vp8: eb34c28f22e8b96e1ab97ce403110664 -> 
  custom:audio-encoder-webm-vorbis: bf7c407c2cedff20999df2af8eb42d56 -> 
  custom:framework-win-MediaFoundation: 216162199b28c13a410421893ffa2e32 -> 
  custom:container-demuxer-ogg: 62fdf1f143b41e24485cea50d1cbac27 -> 
  custom:video-decoder-webm-vp8: 9c59270c3fd7afecdb556c50c9e8de78 -> 
  custom:audio-decoder-ogg-vorbis: bf7c407c2cedff20999df2af8eb42d56 -> 
========================================================================
Received Import Request.
  Time since last request: 5631.026252 seconds.
  path: Assets/Prefabs/New characters/swat/Soldier_head_specular.png
  artifactKey: Guid(6ae2009488a561e49897b933500ee662) Importer(815301076,1909f56bfc062723c751e8b465ee728b)
Start importing Assets/Prefabs/New characters/swat/Soldier_head_specular.png using Guid(6ae2009488a561e49897b933500ee662) Importer(815301076,1909f56bfc062723c751e8b465ee728b)  -> (artifact id: '30db5c734010c54d46192bb333e9def3') in 0.128337 seconds 
========================================================================
Received Import Request.
  Time since last request: 0.000029 seconds.
  path: Assets/Prefabs/New characters/swat/Soldier_head_normal.png
  artifactKey: Guid(d0273789048f4cc45b53bfb0df4d513f) Importer(815301076,1909f56bfc062723c751e8b465ee728b)
Start importing Assets/Prefabs/New characters/swat/Soldier_head_normal.png using Guid(d0273789048f4cc45b53bfb0df4d513f) Importer(815301076,1909f56bfc062723c751e8b465ee728b)  -> (artifact id: '5bfd3872b63c6fa2e940df4f631c8f24') in 0.062312 seconds 
========================================================================
Received Import Request.
  Time since last request: 66.205577 seconds.
  path: Assets/Prefabs/New characters/animation/Pistol motion
  artifactKey: Guid(5239c8532d5f6be4c9c08395ca0e6df6) Importer(815301076,1909f56bfc062723c751e8b465ee728b)
Start importing Assets/Prefabs/New characters/animation/Pistol motion using Guid(5239c8532d5f6be4c9c08395ca0e6df6) Importer(815301076,1909f56bfc062723c751e8b465ee728b)  -> (artifact id: '85af27048c4b988842634449c29f5cae') in 0.003145 seconds 
========================================================================
Received Import Request.
  Time since last request: 1.900285 seconds.
  path: Assets/Prefabs/New characters/animation/New folder
  artifactKey: Guid(c63734eab4fc0674bb3142b5b693d8b2) Importer(815301076,1909f56bfc062723c751e8b465ee728b)
Start importing Assets/Prefabs/New characters/animation/New folder using Guid(c63734eab4fc0674bb3142b5b693d8b2) Importer(815301076,1909f56bfc062723c751e8b465ee728b)  -> (artifact id: '8f56e925d490ac82c6eccec46e831263') in 0.004214 seconds 
========================================================================
Received Import Request.
  Time since last request: 3.462348 seconds.
  path: Assets/Prefabs/New characters/animation/Rifle motion/prone
  artifactKey: Guid(a0d472b75756820409a27cba0396c9d9) Importer(815301076,1909f56bfc062723c751e8b465ee728b)
Start importing Assets/Prefabs/New characters/animation/Rifle motion/prone using Guid(a0d472b75756820409a27cba0396c9d9) Importer(815301076,1909f56bfc062723c751e8b465ee728b)  -> (artifact id: '975d93bdcc6b1d0c5e86e1c52068643c') in 0.003989 seconds 
========================================================================
Received Import Request.
  Time since last request: 24.462922 seconds.
  path: Assets/Prefabs/New characters/animation/Rifle motion/Rifle motion
  artifactKey: Guid(e135f718c3cfac8459a2a5f99199bf31) Importer(815301076,1909f56bfc062723c751e8b465ee728b)
Start importing Assets/Prefabs/New characters/animation/Rifle motion/Rifle motion using Guid(e135f718c3cfac8459a2a5f99199bf31) Importer(815301076,1909f56bfc062723c751e8b465ee728b)  -> (artifact id: '54969fd30afae87e01842c90404c3cc9') in 0.004207 seconds 
========================================================================
Received Import Request.
  Time since last request: 2.413002 seconds.
  path: Assets/Prefabs/New characters/animation/Rifle motion/Rifle motion/no aiming
  artifactKey: Guid(7a586dbcb76282d48b4fc30d6c1ac9ac) Importer(815301076,1909f56bfc062723c751e8b465ee728b)
Start importing Assets/Prefabs/New characters/animation/Rifle motion/Rifle motion/no aiming using Guid(7a586dbcb76282d48b4fc30d6c1ac9ac) Importer(815301076,1909f56bfc062723c751e8b465ee728b)  -> (artifact id: '440cc2ecae8e5f1947c18d118dfe6af4') in 0.003848 seconds 
========================================================================
Received Import Request.
  Time since last request: 1.249469 seconds.
  path: Assets/Prefabs/New characters/animation/Rifle motion/Rifle motion/crouch
  artifactKey: Guid(2ddc509b5dad68045be637dbe9f84aae) Importer(815301076,1909f56bfc062723c751e8b465ee728b)
Start importing Assets/Prefabs/New characters/animation/Rifle motion/Rifle motion/crouch using Guid(2ddc509b5dad68045be637dbe9f84aae) Importer(815301076,1909f56bfc062723c751e8b465ee728b)  -> (artifact id: 'd66044f9a895b9fb137c6eccbb4da018') in 0.003047 seconds 
========================================================================
Received Import Request.
  Time since last request: 1.579670 seconds.
  path: Assets/Prefabs/New characters/animation/Rifle motion/Rifle motion/prone
  artifactKey: Guid(fd6b883141db06e4c9f9bb9c82e1d2e3) Importer(815301076,1909f56bfc062723c751e8b465ee728b)
Start importing Assets/Prefabs/New characters/animation/Rifle motion/Rifle motion/prone using Guid(fd6b883141db06e4c9f9bb9c82e1d2e3) Importer(815301076,1909f56bfc062723c751e8b465ee728b)  -> (artifact id: '4abe54c67fecec299815f2e4e4f53605') in 0.004226 seconds 
========================================================================
Received Import Request.
  Time since last request: 8.678180 seconds.
  path: Assets/Prefabs/New characters/animation
  artifactKey: Guid(dfad5c480b2e91d4aa6ebada8804034c) Importer(815301076,1909f56bfc062723c751e8b465ee728b)
Start importing Assets/Prefabs/New characters/animation using Guid(dfad5c480b2e91d4aa6ebada8804034c) Importer(815301076,1909f56bfc062723c751e8b465ee728b)  -> (artifact id: 'baf18b667450497a56d769e958051062') in 0.003557 seconds 
========================================================================
Received Import Request.
  Time since last request: 25.472554 seconds.
  path: Assets/Prefabs/New characters/animation/swat.controller
  artifactKey: Guid(024f81419cdc7464e9e2f3c62865b4a6) Importer(815301076,1909f56bfc062723c751e8b465ee728b)
Start importing Assets/Prefabs/New characters/animation/swat.controller using Guid(024f81419cdc7464e9e2f3c62865b4a6) Importer(815301076,1909f56bfc062723c751e8b465ee728b)  -> (artifact id: '5ad811418b0a92cbcf11a789f2e30d78') in 0.009529 seconds 
========================================================================
Received Import Request.
  Time since last request: 110.146499 seconds.
  path: Assets/Prefabs/New characters/animation/Rifle motion/Aiming Rifle Run (in place).anim
  artifactKey: Guid(e9f2dbbce7e0af24c8fbdadbd7a94f66) Importer(815301076,1909f56bfc062723c751e8b465ee728b)
Start importing Assets/Prefabs/New characters/animation/Rifle motion/Aiming Rifle Run (in place).anim using Guid(e9f2dbbce7e0af24c8fbdadbd7a94f66) Importer(815301076,1909f56bfc062723c751e8b465ee728b)  -> (artifact id: 'a0ade1db7ee0860481d3b1b81db68e0a') in 0.010761 seconds 
========================================================================
Received Import Request.
  Time since last request: 0.968383 seconds.
  path: Assets/Prefabs/New characters/animation/Rifle motion/no aiming
  artifactKey: Guid(a954acbbed15c184699b7ba67f439b65) Importer(815301076,1909f56bfc062723c751e8b465ee728b)
Start importing Assets/Prefabs/New characters/animation/Rifle motion/no aiming using Guid(a954acbbed15c184699b7ba67f439b65) Importer(815301076,1909f56bfc062723c751e8b465ee728b)  -> (artifact id: 'a4fc6ea14c2e49ac3ffc3b14c6fb762a') in 0.003540 seconds 
========================================================================
Received Import Request.
  Time since last request: 1.823783 seconds.
  path: Assets/Prefabs/New characters/animation/Rifle motion/no aiming/Rifle Run (in place).anim
  artifactKey: Guid(f6f83e8c055e6fb45a7e12a866351da1) Importer(815301076,1909f56bfc062723c751e8b465ee728b)
Start importing Assets/Prefabs/New characters/animation/Rifle motion/no aiming/Rifle Run (in place).anim using Guid(f6f83e8c055e6fb45a7e12a866351da1) Importer(815301076,1909f56bfc062723c751e8b465ee728b)  -> (artifact id: '4ee7313c75da6f8397fba5cbded6e5eb') in 0.007070 seconds 
========================================================================
Received Import Request.
  Time since last request: 4.308655 seconds.
  path: Assets/Prefabs/New characters/animation/Rifle motion/no aiming/Rifle Run.anim
  artifactKey: Guid(b215a6605fb20644380e6fbd99df720e) Importer(815301076,1909f56bfc062723c751e8b465ee728b)
Start importing Assets/Prefabs/New characters/animation/Rifle motion/no aiming/Rifle Run.anim using Guid(b215a6605fb20644380e6fbd99df720e) Importer(815301076,1909f56bfc062723c751e8b465ee728b)  -> (artifact id: 'ec3ccc3e0f118eab4236b3217ae9606b') in 0.008051 seconds 
========================================================================
Received Import Request.
  Time since last request: 6.377677 seconds.
  path: Assets/Prefabs/New characters/animation/Rifle motion/Rifle Down To Aim.anim
  artifactKey: Guid(9a9264bd76ef25548b724de3a7c76dfc) Importer(815301076,1909f56bfc062723c751e8b465ee728b)
Start importing Assets/Prefabs/New characters/animation/Rifle motion/Rifle Down To Aim.anim using Guid(9a9264bd76ef25548b724de3a7c76dfc) Importer(815301076,1909f56bfc062723c751e8b465ee728b)  -> (artifact id: 'af17abbe31887c1af6679ad7dc6b3f85') in 0.007114 seconds 
========================================================================
Received Import Request.
  Time since last request: 0.392941 seconds.
  path: Assets/Prefabs/New characters/animation/Rifle motion/Rifle Aiming Idle.anim
  artifactKey: Guid(6822954089aa6bd46b85fec77872b22a) Importer(815301076,1909f56bfc062723c751e8b465ee728b)
Start importing Assets/Prefabs/New characters/animation/Rifle motion/Rifle Aiming Idle.anim using Guid(6822954089aa6bd46b85fec77872b22a) Importer(815301076,1909f56bfc062723c751e8b465ee728b)  -> (artifact id: '75a238a7465ed71e5adcfd80dd1fd538') in 0.006248 seconds 
========================================================================
Received Import Request.
  Time since last request: 1.589345 seconds.
  path: Assets/Prefabs/New characters/animation/Rifle motion/Reloading.anim
  artifactKey: Guid(6d4812285ad31944d81bb781933c0802) Importer(815301076,1909f56bfc062723c751e8b465ee728b)
Start importing Assets/Prefabs/New characters/animation/Rifle motion/Reloading.anim using Guid(6d4812285ad31944d81bb781933c0802) Importer(815301076,1909f56bfc062723c751e8b465ee728b)  -> (artifact id: '7f086be4580881afb21e8161e34d71ee') in 0.016422 seconds 
========================================================================
Received Import Request.
  Time since last request: 1.248295 seconds.
  path: Assets/Prefabs/New characters/animation/Rifle motion/Walking To Dying.anim
  artifactKey: Guid(2f78a94b84898aa4f8e5de5d0a4913a8) Importer(815301076,1909f56bfc062723c751e8b465ee728b)
Start importing Assets/Prefabs/New characters/animation/Rifle motion/Walking To Dying.anim using Guid(2f78a94b84898aa4f8e5de5d0a4913a8) Importer(815301076,1909f56bfc062723c751e8b465ee728b)  -> (artifact id: '5b9e0fca2ee031ccedc87db4be5381c8') in 0.016659 seconds 
========================================================================
Received Import Request.
  Time since last request: 0.346337 seconds.
  path: Assets/Prefabs/New characters/animation/Rifle motion/Rifle Run.anim
  artifactKey: Guid(cd725396c5318894ea3733b0b5636c5b) Importer(815301076,1909f56bfc062723c751e8b465ee728b)
Start importing Assets/Prefabs/New characters/animation/Rifle motion/Rifle Run.anim using Guid(cd725396c5318894ea3733b0b5636c5b) Importer(815301076,1909f56bfc062723c751e8b465ee728b)  -> (artifact id: 'f93162bc3ed1e04d427df63509f594c9') in 0.006928 seconds 
========================================================================
Received Import Request.
  Time since last request: 0.613140 seconds.
  path: Assets/Prefabs/New characters/animation/Rifle motion/Rifle Jump In Place.anim
  artifactKey: Guid(337de61f08f59494388d1cddb54ffb35) Importer(815301076,1909f56bfc062723c751e8b465ee728b)
Start importing Assets/Prefabs/New characters/animation/Rifle motion/Rifle Jump In Place.anim using Guid(337de61f08f59494388d1cddb54ffb35) Importer(815301076,1909f56bfc062723c751e8b465ee728b)  -> (artifact id: 'd0c6792c8cd2583b14e5977dafa75559') in 0.008810 seconds 
========================================================================
Received Import Request.
  Time since last request: 7.205511 seconds.
  path: Assets/Prefabs/New characters/animation/Rifle motion/Walking.anim
  artifactKey: Guid(91658c5e6f3b90c43b2f3368c0075d3d) Importer(815301076,1909f56bfc062723c751e8b465ee728b)
Start importing Assets/Prefabs/New characters/animation/Rifle motion/Walking.anim using Guid(91658c5e6f3b90c43b2f3368c0075d3d) Importer(815301076,1909f56bfc062723c751e8b465ee728b)  -> (artifact id: 'b24b3444ae3b43f612e09b2dace27a50') in 0.007316 seconds 
========================================================================
Received Prepare
Registering precompiled user dll's ...
Registered in 0.008770 seconds.
Begin MonoManager ReloadAssembly
Symbol file LoadedFromMemory doesn't match image G:\Coding\Unity\git\BBANG\BBANG_unity\Library\PackageCache\com.unity.visualscripting@1.7.8\Editor\VisualScripting.Core\Dependencies\YamlDotNet\Unity.VisualScripting.YamlDotNet.dll
Symbol file LoadedFromMemory doesn't match image G:\Coding\Unity\git\BBANG\BBANG_unity\Library\PackageCache\com.unity.visualscripting@1.7.8\Editor\VisualScripting.Core\Dependencies\DotNetZip\Unity.VisualScripting.IonicZip.dll
Native extension for WindowsStandalone target not found
Refreshing native plugins compatible for Editor in 0.55 ms, found 3 plugins.
Preloading 0 native plugins for Editor in 0.00 ms.
Mono: successfully reloaded assembly
- Completed reload, in  1.208 seconds
Domain Reload Profiling:
	ReloadAssembly (1208ms)
		BeginReloadAssembly (183ms)
			ExecutionOrderSort (0ms)
			DisableScriptedObjects (5ms)
			BackupInstance (0ms)
			ReleaseScriptingObjects (0ms)
			CreateAndSetChildDomain (40ms)
		EndReloadAssembly (907ms)
			LoadAssemblies (144ms)
			RebuildTransferFunctionScriptingTraits (0ms)
			SetupTypeCache (322ms)
			ReleaseScriptCaches (1ms)
			RebuildScriptCaches (53ms)
			SetupLoadedEditorAssemblies (368ms)
				LogAssemblyErrors (0ms)
				InitializePlatformSupportModulesInManaged (17ms)
				SetLoadedEditorAssemblies (1ms)
				RefreshPlugins (1ms)
				BeforeProcessingInitializeOnLoad (76ms)
				ProcessInitializeOnLoadAttributes (235ms)
				ProcessInitializeOnLoadMethodAttributes (34ms)
				AfterProcessingInitializeOnLoad (6ms)
				EditorAssembliesLoaded (0ms)
			ExecutionOrderSort2 (0ms)
			AwakeInstancesAfterBackupRestoration (20ms)
Platform modules already initialized, skipping
Refreshing native plugins compatible for Editor in 3.81 ms, found 3 plugins.
Preloading 0 native plugins for Editor in 0.00 ms.
Unloading 3364 Unused Serialized files (Serialized files now loaded: 0)
Unloading 20 unused Assets / (78.3 KB). Loaded Objects now: 3836.
Memory consumption went from 125.0 MB to 125.0 MB.
Total: 5.468400 ms (FindLiveObjects: 0.332300 ms CreateObjectMapping: 0.283800 ms MarkObjects: 4.744600 ms  DeleteObjects: 0.106600 ms)

AssetImportParameters requested are different than current active one (requested -> active):
  custom:video-decoder-ogg-theora: a1e56fd34408186e4bbccfd4996cb3dc -> 
  custom:container-muxer-webm: aa71ff27fc2769a1b78a27578f13a17b -> 
  custom:container-demuxer-webm: 4f35f7cbe854078d1ac9338744f61a02 -> 
  custom:video-encoder-webm-vp8: eb34c28f22e8b96e1ab97ce403110664 -> 
  custom:audio-encoder-webm-vorbis: bf7c407c2cedff20999df2af8eb42d56 -> 
  custom:framework-win-MediaFoundation: 216162199b28c13a410421893ffa2e32 -> 
  custom:container-demuxer-ogg: 62fdf1f143b41e24485cea50d1cbac27 -> 
  custom:video-decoder-webm-vp8: 9c59270c3fd7afecdb556c50c9e8de78 -> 
  custom:audio-decoder-ogg-vorbis: bf7c407c2cedff20999df2af8eb42d56 -> 
========================================================================
Received Import Request.
  Time since last request: 37.574666 seconds.
  path: Assets/Prefabs/New characters/animation/Rifle motion/Rifle Aiming Run.anim
  artifactKey: Guid(e9f2dbbce7e0af24c8fbdadbd7a94f66) Importer(815301076,1909f56bfc062723c751e8b465ee728b)
Start importing Assets/Prefabs/New characters/animation/Rifle motion/Rifle Aiming Run.anim using Guid(e9f2dbbce7e0af24c8fbdadbd7a94f66) Importer(815301076,1909f56bfc062723c751e8b465ee728b)  -> (artifact id: 'fd3a20f82300f02a3737ac87c629a297') in 0.021049 seconds 
