Using pre-set license
Built from '2021.3/staging' branch; Version is '2021.3.6f1 (7da38d85baf6) revision 8233869'; Using compiler version '192829333'; Build Type 'Release'
OS: 'Windows 10  (10.0.19044) 64bit EducationN' Language: 'ko' Physical Memory: 16335 MB
BatchMode: 1, IsHumanControllingUs: 0, StartBugReporterOnCrash: 0, Is64bit: 1, IsPro: 1

COMMAND LINE ARGUMENTS:
C:\Program Files\Unity\Hub\Editor\2021.3.6f1\Editor\Unity.exe
-adb2
-batchMode
-noUpm
-name
AssetImportWorker98
-projectPath
E:/사용자/김원준/Documents/GitHub/BBANG/BBANG_unity
-logFile
Logs/AssetImportWorker98.log
-srvPort
7659
Successfully changed project path to: E:/사용자/김원준/Documents/GitHub/BBANG/BBANG_unity
E:/사용자/김원준/Documents/GitHub/BBANG/BBANG_unity
[UnityMemory] Configuration Parameters - Can be set up in boot.config
    "memorysetup-bucket-allocator-granularity=16"
    "memorysetup-bucket-allocator-bucket-count=8"
    "memorysetup-bucket-allocator-block-size=33554432"
    "memorysetup-bucket-allocator-block-count=8"
    "memorysetup-main-allocator-block-size=16777216"
    "memorysetup-thread-allocator-block-size=16777216"
    "memorysetup-gfx-main-allocator-block-size=16777216"
    "memorysetup-gfx-thread-allocator-block-size=16777216"
    "memorysetup-cache-allocator-block-size=4194304"
    "memorysetup-typetree-allocator-block-size=2097152"
    "memorysetup-profiler-bucket-allocator-granularity=16"
    "memorysetup-profiler-bucket-allocator-bucket-count=8"
    "memorysetup-profiler-bucket-allocator-block-size=33554432"
    "memorysetup-profiler-bucket-allocator-block-count=8"
    "memorysetup-profiler-allocator-block-size=16777216"
    "memorysetup-profiler-editor-allocator-block-size=1048576"
    "memorysetup-temp-allocator-size-main=16777216"
    "memorysetup-job-temp-allocator-block-size=2097152"
    "memorysetup-job-temp-allocator-block-size-background=1048576"
    "memorysetup-job-temp-allocator-reduction-small-platforms=262144"
    "memorysetup-temp-allocator-size-background-worker=32768"
    "memorysetup-temp-allocator-size-job-worker=262144"
    "memorysetup-temp-allocator-size-preload-manager=33554432"
    "memorysetup-temp-allocator-size-nav-mesh-worker=65536"
    "memorysetup-temp-allocator-size-audio-worker=65536"
    "memorysetup-temp-allocator-size-cloud-worker=32768"
    "memorysetup-temp-allocator-size-gi-baking-worker=262144"
    "memorysetup-temp-allocator-size-gfx=262144"
Refreshing native plugins compatible for Editor in 248.84 ms, found 3 plugins.
Preloading 0 native plugins for Editor in 0.00 ms.
Initialize engine version: 2021.3.6f1 (7da38d85baf6)
[Subsystems] Discovering subsystems at path C:/Program Files/Unity/Hub/Editor/2021.3.6f1/Editor/Data/Resources/UnitySubsystems
[Subsystems] Discovering subsystems at path E:/사용자/김원준/Documents/GitHub/BBANG/BBANG_unity/Assets
GfxDevice: creating device client; threaded=0; jobified=0
Direct3D:
    Version:  Direct3D 11.0 [level 11.1]
    Renderer: NVIDIA GeForce GTX 1060 3GB (ID=0x1c02)
    Vendor:   NVIDIA
    VRAM:     2988 MB
    Driver:   30.0.15.1259
Initialize mono
Mono path[0] = 'C:/Program Files/Unity/Hub/Editor/2021.3.6f1/Editor/Data/Managed'
Mono path[1] = 'C:/Program Files/Unity/Hub/Editor/2021.3.6f1/Editor/Data/MonoBleedingEdge/lib/mono/unityjit-win32'
Mono config path = 'C:/Program Files/Unity/Hub/Editor/2021.3.6f1/Editor/Data/MonoBleedingEdge/etc'
Using monoOptions --debugger-agent=transport=dt_socket,embedding=1,server=y,suspend=n,address=127.0.0.1:56160
Begin MonoManager ReloadAssembly
Registering precompiled unity dll's ...
Register platform support module: C:/Program Files/Unity/Hub/Editor/2021.3.6f1/Editor/Data/PlaybackEngines/WindowsStandaloneSupport/UnityEditor.WindowsStandalone.Extensions.dll
Registered in 0.046538 seconds.
Native extension for WindowsStandalone target not found
Refreshing native plugins compatible for Editor in 169.66 ms, found 3 plugins.
Preloading 0 native plugins for Editor in 0.00 ms.
Mono: successfully reloaded assembly
- Completed reload, in  1.703 seconds
Domain Reload Profiling:
	ReloadAssembly (1704ms)
		BeginReloadAssembly (413ms)
			ExecutionOrderSort (0ms)
			DisableScriptedObjects (0ms)
			BackupInstance (0ms)
			ReleaseScriptingObjects (0ms)
			CreateAndSetChildDomain (1ms)
		EndReloadAssembly (980ms)
			LoadAssemblies (394ms)
			RebuildTransferFunctionScriptingTraits (0ms)
			SetupTypeCache (180ms)
			ReleaseScriptCaches (0ms)
			RebuildScriptCaches (61ms)
			SetupLoadedEditorAssemblies (623ms)
				LogAssemblyErrors (0ms)
				InitializePlatformSupportModulesInManaged (24ms)
				SetLoadedEditorAssemblies (1ms)
				RefreshPlugins (170ms)
				BeforeProcessingInitializeOnLoad (9ms)
				ProcessInitializeOnLoadAttributes (285ms)
				ProcessInitializeOnLoadMethodAttributes (134ms)
				AfterProcessingInitializeOnLoad (0ms)
				EditorAssembliesLoaded (0ms)
			ExecutionOrderSort2 (0ms)
			AwakeInstancesAfterBackupRestoration (0ms)
Platform modules already initialized, skipping
Registering precompiled user dll's ...
Registered in 0.007971 seconds.
Begin MonoManager ReloadAssembly
Symbol file LoadedFromMemory doesn't match image E:\사용자\김원준\Documents\GitHub\BBANG\BBANG_unity\Library\PackageCache\com.unity.visualscripting@1.7.8\Editor\VisualScripting.Core\Dependencies\YamlDotNet\Unity.VisualScripting.YamlDotNet.dll
Symbol file LoadedFromMemory doesn't match image E:\사용자\김원준\Documents\GitHub\BBANG\BBANG_unity\Library\PackageCache\com.unity.visualscripting@1.7.8\Editor\VisualScripting.Core\Dependencies\DotNetZip\Unity.VisualScripting.IonicZip.dll
Native extension for WindowsStandalone target not found
Refreshing native plugins compatible for Editor in 0.81 ms, found 3 plugins.
Preloading 0 native plugins for Editor in 0.00 ms.
Mono: successfully reloaded assembly
- Completed reload, in  2.207 seconds
Domain Reload Profiling:
	ReloadAssembly (2208ms)
		BeginReloadAssembly (277ms)
			ExecutionOrderSort (0ms)
			DisableScriptedObjects (12ms)
			BackupInstance (0ms)
			ReleaseScriptingObjects (0ms)
			CreateAndSetChildDomain (25ms)
		EndReloadAssembly (1701ms)
			LoadAssemblies (223ms)
			RebuildTransferFunctionScriptingTraits (0ms)
			SetupTypeCache (392ms)
			ReleaseScriptCaches (1ms)
			RebuildScriptCaches (80ms)
			SetupLoadedEditorAssemblies (958ms)
				LogAssemblyErrors (0ms)
				InitializePlatformSupportModulesInManaged (17ms)
				SetLoadedEditorAssemblies (1ms)
				RefreshPlugins (1ms)
				BeforeProcessingInitializeOnLoad (209ms)
				ProcessInitializeOnLoadAttributes (589ms)
				ProcessInitializeOnLoadMethodAttributes (81ms)
				AfterProcessingInitializeOnLoad (59ms)
				EditorAssembliesLoaded (1ms)
			ExecutionOrderSort2 (0ms)
			AwakeInstancesAfterBackupRestoration (59ms)
Platform modules already initialized, skipping
========================================================================
Worker process is ready to serve import requests
Launched and connected shader compiler UnityShaderCompiler.exe after 0.11 seconds
Refreshing native plugins compatible for Editor in 1.04 ms, found 3 plugins.
Preloading 0 native plugins for Editor in 0.00 ms.
Unloading 3377 Unused Serialized files (Serialized files now loaded: 0)
Unloading 25 unused Assets / (55.9 KB). Loaded Objects now: 3870.
Memory consumption went from 133.9 MB to 133.8 MB.
Total: 5.454100 ms (FindLiveObjects: 0.482300 ms CreateObjectMapping: 0.271000 ms MarkObjects: 4.576600 ms  DeleteObjects: 0.122500 ms)

AssetImportParameters requested are different than current active one (requested -> active):
  custom:video-decoder-ogg-theora: a1e56fd34408186e4bbccfd4996cb3dc -> 
  custom:container-muxer-webm: aa71ff27fc2769a1b78a27578f13a17b -> 
  custom:container-demuxer-webm: 4f35f7cbe854078d1ac9338744f61a02 -> 
  custom:video-encoder-webm-vp8: eb34c28f22e8b96e1ab97ce403110664 -> 
  custom:audio-encoder-webm-vorbis: bf7c407c2cedff20999df2af8eb42d56 -> 
  custom:container-demuxer-ogg: 62fdf1f143b41e24485cea50d1cbac27 -> 
  custom:video-decoder-webm-vp8: 9c59270c3fd7afecdb556c50c9e8de78 -> 
  custom:audio-decoder-ogg-vorbis: bf7c407c2cedff20999df2af8eb42d56 -> 
========================================================================
Received Import Request.
  Time since last request: 760590.043305 seconds.
  path: Assets/Single_detailed_truck/Prefabs/Trailer.prefab
  artifactKey: Guid(824b045cfb5412444a2d59824cb98223) Importer(815301076,1909f56bfc062723c751e8b465ee728b)
Start importing Assets/Single_detailed_truck/Prefabs/Trailer.prefab using Guid(824b045cfb5412444a2d59824cb98223) Importer(815301076,1909f56bfc062723c751e8b465ee728b)  -> (artifact id: '3d2434ea9f6a3b79156794149fe7d8b1') in 3.121685 seconds 
========================================================================
Received Import Request.
  Time since last request: 0.473731 seconds.
  path: Assets/Watch_tower/Tower_A/Prefab
  artifactKey: Guid(0ed532c2ee4140440bc4fe37e8df46aa) Importer(815301076,1909f56bfc062723c751e8b465ee728b)
Start importing Assets/Watch_tower/Tower_A/Prefab using Guid(0ed532c2ee4140440bc4fe37e8df46aa) Importer(815301076,1909f56bfc062723c751e8b465ee728b)  -> (artifact id: '9c33df6b92a76de375f076c56fb159ac') in 0.003621 seconds 
========================================================================
Received Import Request.
  Time since last request: 0.043433 seconds.
  path: Assets/Watch_tower/Tower_A/Prefab/Tower_A.prefab
  artifactKey: Guid(b8983f0b776e1614ab531faf86c09bae) Importer(815301076,1909f56bfc062723c751e8b465ee728b)
Start importing Assets/Watch_tower/Tower_A/Prefab/Tower_A.prefab using Guid(b8983f0b776e1614ab531faf86c09bae) Importer(815301076,1909f56bfc062723c751e8b465ee728b)  -> (artifact id: '1b45173b88a7507d04cfa1e24c998fe1') in 0.211430 seconds 
========================================================================
Received Import Request.
  Time since last request: 1275.203024 seconds.
  path: Assets/Watch_tower/Tower_B/Materials/Cement_Thick.mat
  artifactKey: Guid(9d9315d24f8d6d14a87c39809e07b8eb) Importer(815301076,1909f56bfc062723c751e8b465ee728b)
Start importing Assets/Watch_tower/Tower_B/Materials/Cement_Thick.mat using Guid(9d9315d24f8d6d14a87c39809e07b8eb) Importer(815301076,1909f56bfc062723c751e8b465ee728b)  -> (artifact id: '432643ac4ec2bb4b1cf2c9700cc6992b') in 11.883388 seconds 
========================================================================
Received Import Request.
  Time since last request: 2.720306 seconds.
  path: Assets/Watch_tower/Tower_B/Materials/Roof.mat
  artifactKey: Guid(052d26b910f694f40a57f7a320d04e15) Importer(815301076,1909f56bfc062723c751e8b465ee728b)
Start importing Assets/Watch_tower/Tower_B/Materials/Roof.mat using Guid(052d26b910f694f40a57f7a320d04e15) Importer(815301076,1909f56bfc062723c751e8b465ee728b)  -> (artifact id: '0b20e751ff39177206ca6134f22b81d1') in 0.382193 seconds 
========================================================================
Received Import Request.
  Time since last request: 0.095748 seconds.
  path: Assets/Watch_tower/Tower_C/wood+tower.fbx
  artifactKey: Guid(28fdc4adbfe97e54c8e2796643234834) Importer(815301076,1909f56bfc062723c751e8b465ee728b)
Start importing Assets/Watch_tower/Tower_C/wood+tower.fbx using Guid(28fdc4adbfe97e54c8e2796643234834) Importer(815301076,1909f56bfc062723c751e8b465ee728b)  -> (artifact id: 'de073213862158527298026b9de907d1') in 0.399914 seconds 
========================================================================
Received Import Request.
  Time since last request: 0.000439 seconds.
  path: Assets/Watch_tower/Tower_B/Materials/Slate_Light_Tile.mat
  artifactKey: Guid(fac95349a68f0c2438d79d20ced79b03) Importer(815301076,1909f56bfc062723c751e8b465ee728b)
Start importing Assets/Watch_tower/Tower_B/Materials/Slate_Light_Tile.mat using Guid(fac95349a68f0c2438d79d20ced79b03) Importer(815301076,1909f56bfc062723c751e8b465ee728b)  -> (artifact id: '96191ab45d44668458df2056a5dab944') in 0.074929 seconds 
========================================================================
Received Import Request.
  Time since last request: 0.483519 seconds.
  path: Assets/Watch_tower/Tower_C/Prefab/Tower_C.prefab
  artifactKey: Guid(d8fc3afbc6730a84681acf4eb4d0ddd0) Importer(815301076,1909f56bfc062723c751e8b465ee728b)
Start importing Assets/Watch_tower/Tower_C/Prefab/Tower_C.prefab using Guid(d8fc3afbc6730a84681acf4eb4d0ddd0) Importer(815301076,1909f56bfc062723c751e8b465ee728b)  -> (artifact id: 'ed5ac601048e10719e8c4b0fe7e8a400') in 3.090033 seconds 
========================================================================
Received Import Request.
  Time since last request: 0.007059 seconds.
  path: Assets/Watch_tower/Tower_B/Prefab/Tower_B.prefab
  artifactKey: Guid(0ed13cad75935b948931ae905d3d2db5) Importer(815301076,1909f56bfc062723c751e8b465ee728b)
Start importing Assets/Watch_tower/Tower_B/Prefab/Tower_B.prefab using Guid(0ed13cad75935b948931ae905d3d2db5) Importer(815301076,1909f56bfc062723c751e8b465ee728b)  -> (artifact id: '7e481edb2e9e58f71e4eeff9b37c3524') in 2.720164 seconds 
========================================================================
Received Import Request.
  Time since last request: 0.000036 seconds.
  path: Assets/Watch_tower/Tower_B/Materials/Pillar.mat
  artifactKey: Guid(527a8ed1c4eff744dadbe1bb8db07333) Importer(815301076,1909f56bfc062723c751e8b465ee728b)
Start importing Assets/Watch_tower/Tower_B/Materials/Pillar.mat using Guid(527a8ed1c4eff744dadbe1bb8db07333) Importer(815301076,1909f56bfc062723c751e8b465ee728b)  -> (artifact id: 'a176c07bbbb6a4e12373c5c812b947db') in 0.096066 seconds 
