Using pre-set license
Built from '2021.3/staging' branch; Version is '2021.3.6f1 (7da38d85baf6) revision 8233869'; Using compiler version '192829333'; Build Type 'Release'
OS: 'Windows 10  (10.0.19044) 64bit EnterpriseS' Language: 'ko' Physical Memory: 16107 MB
BatchMode: 1, IsHumanControllingUs: 0, StartBugReporterOnCrash: 0, Is64bit: 1, IsPro: 1

COMMAND LINE ARGUMENTS:
C:\Users\msyang\Desktop\BBANGMAP\BBANG\2021.3.6f1\Editor\Unity.exe
-adb2
-batchMode
-noUpm
-name
AssetImportWorker0
-projectPath
C:/Users/msyang/Desktop/GITHUB/BBANG/BBANG_unity
-logFile
Logs/AssetImportWorker0.log
-srvPort
64101
Successfully changed project path to: C:/Users/msyang/Desktop/GITHUB/BBANG/BBANG_unity
C:/Users/msyang/Desktop/GITHUB/BBANG/BBANG_unity
[UnityMemory] Configuration Parameters - Can be set up in boot.config
    "memorysetup-bucket-allocator-granularity=16"
    "memorysetup-bucket-allocator-bucket-count=8"
    "memorysetup-bucket-allocator-block-size=33554432"
    "memorysetup-bucket-allocator-block-count=8"
    "memorysetup-main-allocator-block-size=16777216"
    "memorysetup-thread-allocator-block-size=16777216"
    "memorysetup-gfx-main-allocator-block-size=16777216"
    "memorysetup-gfx-thread-allocator-block-size=16777216"
    "memorysetup-cache-allocator-block-size=4194304"
    "memorysetup-typetree-allocator-block-size=2097152"
    "memorysetup-profiler-bucket-allocator-granularity=16"
    "memorysetup-profiler-bucket-allocator-bucket-count=8"
    "memorysetup-profiler-bucket-allocator-block-size=33554432"
    "memorysetup-profiler-bucket-allocator-block-count=8"
    "memorysetup-profiler-allocator-block-size=16777216"
    "memorysetup-profiler-editor-allocator-block-size=1048576"
    "memorysetup-temp-allocator-size-main=16777216"
    "memorysetup-job-temp-allocator-block-size=2097152"
    "memorysetup-job-temp-allocator-block-size-background=1048576"
    "memorysetup-job-temp-allocator-reduction-small-platforms=262144"
    "memorysetup-temp-allocator-size-background-worker=32768"
    "memorysetup-temp-allocator-size-job-worker=262144"
    "memorysetup-temp-allocator-size-preload-manager=33554432"
    "memorysetup-temp-allocator-size-nav-mesh-worker=65536"
    "memorysetup-temp-allocator-size-audio-worker=65536"
    "memorysetup-temp-allocator-size-cloud-worker=32768"
    "memorysetup-temp-allocator-size-gi-baking-worker=262144"
    "memorysetup-temp-allocator-size-gfx=262144"
Refreshing native plugins compatible for Editor in 220.55 ms, found 3 plugins.
Preloading 0 native plugins for Editor in 0.00 ms.
Initialize engine version: 2021.3.6f1 (7da38d85baf6)
[Subsystems] Discovering subsystems at path C:/Users/msyang/Desktop/BBANGMAP/BBANG/2021.3.6f1/Editor/Data/Resources/UnitySubsystems
[Subsystems] Discovering subsystems at path C:/Users/msyang/Desktop/GITHUB/BBANG/BBANG_unity/Assets
GfxDevice: creating device client; threaded=0; jobified=0
Direct3D:
    Version:  Direct3D 11.0 [level 11.1]
    Renderer: Intel(R) Iris(R) Xe Graphics (ID=0x9a49)
    Vendor:   Intel
    VRAM:     8053 MB
    Driver:   30.0.100.9805
Initialize mono
Mono path[0] = 'C:/Users/msyang/Desktop/BBANGMAP/BBANG/2021.3.6f1/Editor/Data/Managed'
Mono path[1] = 'C:/Users/msyang/Desktop/BBANGMAP/BBANG/2021.3.6f1/Editor/Data/MonoBleedingEdge/lib/mono/unityjit-win32'
Mono config path = 'C:/Users/msyang/Desktop/BBANGMAP/BBANG/2021.3.6f1/Editor/Data/MonoBleedingEdge/etc'
Using monoOptions --debugger-agent=transport=dt_socket,embedding=1,server=y,suspend=n,address=127.0.0.1:56624
Begin MonoManager ReloadAssembly
Registering precompiled unity dll's ...
Register platform support module: C:/Users/msyang/Desktop/BBANGMAP/BBANG/2021.3.6f1/Editor/Data/PlaybackEngines/WindowsStandaloneSupport/UnityEditor.WindowsStandalone.Extensions.dll
Registered in 0.014148 seconds.
Native extension for WindowsStandalone target not found
Refreshing native plugins compatible for Editor in 127.61 ms, found 3 plugins.
Preloading 0 native plugins for Editor in 0.00 ms.
Mono: successfully reloaded assembly
- Completed reload, in  1.059 seconds
Domain Reload Profiling:
	ReloadAssembly (1059ms)
		BeginReloadAssembly (149ms)
			ExecutionOrderSort (0ms)
			DisableScriptedObjects (0ms)
			BackupInstance (0ms)
			ReleaseScriptingObjects (0ms)
			CreateAndSetChildDomain (1ms)
		EndReloadAssembly (704ms)
			LoadAssemblies (145ms)
			RebuildTransferFunctionScriptingTraits (0ms)
			SetupTypeCache (164ms)
			ReleaseScriptCaches (0ms)
			RebuildScriptCaches (48ms)
			SetupLoadedEditorAssemblies (407ms)
				LogAssemblyErrors (0ms)
				InitializePlatformSupportModulesInManaged (14ms)
				SetLoadedEditorAssemblies (0ms)
				RefreshPlugins (128ms)
				BeforeProcessingInitializeOnLoad (2ms)
				ProcessInitializeOnLoadAttributes (168ms)
				ProcessInitializeOnLoadMethodAttributes (95ms)
				AfterProcessingInitializeOnLoad (0ms)
				EditorAssembliesLoaded (0ms)
			ExecutionOrderSort2 (0ms)
			AwakeInstancesAfterBackupRestoration (0ms)
Platform modules already initialized, skipping
Registering precompiled user dll's ...
Registered in 0.011043 seconds.
Begin MonoManager ReloadAssembly
Symbol file LoadedFromMemory doesn't match image C:\Users\msyang\Desktop\GITHUB\BBANG\BBANG_unity\Library\PackageCache\com.unity.visualscripting@1.7.8\Editor\VisualScripting.Core\Dependencies\YamlDotNet\Unity.VisualScripting.YamlDotNet.dll
Symbol file LoadedFromMemory doesn't match image C:\Users\msyang\Desktop\GITHUB\BBANG\BBANG_unity\Library\PackageCache\com.unity.visualscripting@1.7.8\Editor\VisualScripting.Core\Dependencies\DotNetZip\Unity.VisualScripting.IonicZip.dll
Native extension for WindowsStandalone target not found
Refreshing native plugins compatible for Editor in 1.04 ms, found 3 plugins.
Preloading 0 native plugins for Editor in 0.00 ms.
Mono: successfully reloaded assembly
- Completed reload, in  2.001 seconds
Domain Reload Profiling:
	ReloadAssembly (2002ms)
		BeginReloadAssembly (201ms)
			ExecutionOrderSort (0ms)
			DisableScriptedObjects (8ms)
			BackupInstance (0ms)
			ReleaseScriptingObjects (0ms)
			CreateAndSetChildDomain (26ms)
		EndReloadAssembly (1569ms)
			LoadAssemblies (153ms)
			RebuildTransferFunctionScriptingTraits (0ms)
			SetupTypeCache (472ms)
			ReleaseScriptCaches (1ms)
			RebuildScriptCaches (95ms)
			SetupLoadedEditorAssemblies (726ms)
				LogAssemblyErrors (0ms)
				InitializePlatformSupportModulesInManaged (12ms)
				SetLoadedEditorAssemblies (1ms)
				RefreshPlugins (1ms)
				BeforeProcessingInitializeOnLoad (195ms)
				ProcessInitializeOnLoadAttributes (434ms)
				ProcessInitializeOnLoadMethodAttributes (55ms)
				AfterProcessingInitializeOnLoad (27ms)
				EditorAssembliesLoaded (1ms)
			ExecutionOrderSort2 (0ms)
			AwakeInstancesAfterBackupRestoration (25ms)
Platform modules already initialized, skipping
========================================================================
Worker process is ready to serve import requests
Launched and connected shader compiler UnityShaderCompiler.exe after 0.08 seconds
Refreshing native plugins compatible for Editor in 1.54 ms, found 3 plugins.
Preloading 0 native plugins for Editor in 0.00 ms.
Unloading 3382 Unused Serialized files (Serialized files now loaded: 0)
Unloading 25 unused Assets / (55.6 KB). Loaded Objects now: 3870.
Memory consumption went from 134.0 MB to 134.0 MB.
Total: 8.950200 ms (FindLiveObjects: 0.604400 ms CreateObjectMapping: 0.279300 ms MarkObjects: 7.941900 ms  DeleteObjects: 0.123500 ms)

AssetImportParameters requested are different than current active one (requested -> active):
  custom:video-decoder-ogg-theora: a1e56fd34408186e4bbccfd4996cb3dc -> 
  custom:container-muxer-webm: aa71ff27fc2769a1b78a27578f13a17b -> 
  custom:container-demuxer-webm: 4f35f7cbe854078d1ac9338744f61a02 -> 
  custom:video-encoder-webm-vp8: eb34c28f22e8b96e1ab97ce403110664 -> 
  custom:audio-encoder-webm-vorbis: bf7c407c2cedff20999df2af8eb42d56 -> 
  custom:framework-win-MediaFoundation: 216162199b28c13a410421893ffa2e32 -> 
  custom:container-demuxer-ogg: 62fdf1f143b41e24485cea50d1cbac27 -> 
  custom:video-decoder-webm-vp8: 9c59270c3fd7afecdb556c50c9e8de78 -> 
  custom:audio-decoder-ogg-vorbis: bf7c407c2cedff20999df2af8eb42d56 -> 
========================================================================
Received Import Request.
  Time since last request: 63938.232598 seconds.
  path: Assets/JKT_Art/Animals/duck/LOVEDUCK.prefab
  artifactKey: Guid(f657c58adb4c219419ae056411d88e27) Importer(815301076,1909f56bfc062723c751e8b465ee728b)
Start importing Assets/JKT_Art/Animals/duck/LOVEDUCK.prefab using Guid(f657c58adb4c219419ae056411d88e27) Importer(815301076,1909f56bfc062723c751e8b465ee728b)  -> (artifact id: '78cc5b35668363d8b55d568cee24725c') in 3.741977 seconds 
========================================================================
Received Import Request.
  Time since last request: 463.969273 seconds.
  path: Assets/Beach Essentials/Prefabs
  artifactKey: Guid(6380b439243ab4a92b41fd1291244b23) Importer(815301076,1909f56bfc062723c751e8b465ee728b)
Start importing Assets/Beach Essentials/Prefabs using Guid(6380b439243ab4a92b41fd1291244b23) Importer(815301076,1909f56bfc062723c751e8b465ee728b)  -> (artifact id: '1a22b9271a27899d35495b40bd71e136') in 0.009840 seconds 
========================================================================
Received Import Request.
  Time since last request: 0.073517 seconds.
  path: Assets/Beach Essentials/Prefabs/Beachball.prefab
  artifactKey: Guid(a53dc7c14dd524d869aff830ceb6addb) Importer(815301076,1909f56bfc062723c751e8b465ee728b)
Start importing Assets/Beach Essentials/Prefabs/Beachball.prefab using Guid(a53dc7c14dd524d869aff830ceb6addb) Importer(815301076,1909f56bfc062723c751e8b465ee728b)  -> (artifact id: '5a784a3a46f56bbfdcad5e5d1ded0cfe') in 0.074713 seconds 
========================================================================
Received Import Request.
  Time since last request: 0.000261 seconds.
  path: Assets/Beach Essentials/Prefabs/Surfboard1.prefab
  artifactKey: Guid(744db4b24e25c46dfafd852803eaf62d) Importer(815301076,1909f56bfc062723c751e8b465ee728b)
Start importing Assets/Beach Essentials/Prefabs/Surfboard1.prefab using Guid(744db4b24e25c46dfafd852803eaf62d) Importer(815301076,1909f56bfc062723c751e8b465ee728b)  -> (artifact id: '9f2ab852873f114a3cc258246251419e') in 0.634874 seconds 
========================================================================
Received Import Request.
  Time since last request: 0.000043 seconds.
  path: Assets/Beach Essentials/Prefabs/VolleyballNet.prefab
  artifactKey: Guid(60f00f9b917704995bf06e2fd3c2c543) Importer(815301076,1909f56bfc062723c751e8b465ee728b)
Start importing Assets/Beach Essentials/Prefabs/VolleyballNet.prefab using Guid(60f00f9b917704995bf06e2fd3c2c543) Importer(815301076,1909f56bfc062723c751e8b465ee728b)  -> (artifact id: '593d80e0886d7328d6fd07ec60b215a3') in 0.582285 seconds 
========================================================================
Received Import Request.
  Time since last request: 0.000042 seconds.
  path: Assets/Beach Essentials/Prefabs/Volleyball.prefab
  artifactKey: Guid(60f4bdfb49a7840a2989bbd741e814f2) Importer(815301076,1909f56bfc062723c751e8b465ee728b)
Start importing Assets/Beach Essentials/Prefabs/Volleyball.prefab using Guid(60f4bdfb49a7840a2989bbd741e814f2) Importer(815301076,1909f56bfc062723c751e8b465ee728b)  -> (artifact id: '48844708c82abd2c0ddcdb10ab421a60') in 0.085577 seconds 
========================================================================
Received Import Request.
  Time since last request: 0.000257 seconds.
  path: Assets/Beach Essentials/Prefabs/Surfboard3.prefab
  artifactKey: Guid(d34ed44f711214307a87aa9850b9232c) Importer(815301076,1909f56bfc062723c751e8b465ee728b)
Start importing Assets/Beach Essentials/Prefabs/Surfboard3.prefab using Guid(d34ed44f711214307a87aa9850b9232c) Importer(815301076,1909f56bfc062723c751e8b465ee728b)  -> (artifact id: 'f58ca2c2ae6ad759a1655b6aeaaf75dc') in 0.121642 seconds 
========================================================================
Received Import Request.
  Time since last request: 0.000037 seconds.
  path: Assets/Beach Essentials/Prefabs/Beachchair(Foldable).prefab
  artifactKey: Guid(1dc3fac990a434af8bb491ba17503d86) Importer(815301076,1909f56bfc062723c751e8b465ee728b)
Start importing Assets/Beach Essentials/Prefabs/Beachchair(Foldable).prefab using Guid(1dc3fac990a434af8bb491ba17503d86) Importer(815301076,1909f56bfc062723c751e8b465ee728b)  -> (artifact id: '581e6c0d884358a2902b3474c9d85a45') in 0.132266 seconds 
========================================================================
Received Import Request.
  Time since last request: 0.000044 seconds.
  path: Assets/Beach Essentials/Prefabs/Old Volleyball.prefab
  artifactKey: Guid(2b90d0c38e99d41acaa02470d023066d) Importer(815301076,1909f56bfc062723c751e8b465ee728b)
Start importing Assets/Beach Essentials/Prefabs/Old Volleyball.prefab using Guid(2b90d0c38e99d41acaa02470d023066d) Importer(815301076,1909f56bfc062723c751e8b465ee728b)  -> (artifact id: 'fcc44edbae47064492297b58ce1d470d') in 0.054298 seconds 
========================================================================
Received Import Request.
  Time since last request: 0.003634 seconds.
  path: Assets/Beach Essentials/Prefabs/Surfboard2.prefab
  artifactKey: Guid(c259968d1caaa4635b7c13f3f94e251e) Importer(815301076,1909f56bfc062723c751e8b465ee728b)
Start importing Assets/Beach Essentials/Prefabs/Surfboard2.prefab using Guid(c259968d1caaa4635b7c13f3f94e251e) Importer(815301076,1909f56bfc062723c751e8b465ee728b)  -> (artifact id: 'fa90b0cf5c99537d1a08649be585c6d5') in 0.090796 seconds 
========================================================================
Received Import Request.
  Time since last request: 0.004317 seconds.
  path: Assets/Beach Essentials/Prefabs/PicnicTable.prefab
  artifactKey: Guid(6b33a32ee238540e196deb1d94f361dd) Importer(815301076,1909f56bfc062723c751e8b465ee728b)
Start importing Assets/Beach Essentials/Prefabs/PicnicTable.prefab using Guid(6b33a32ee238540e196deb1d94f361dd) Importer(815301076,1909f56bfc062723c751e8b465ee728b)  -> (artifact id: 'ef6f45601ecb39063b231bb414ab2d9b') in 0.060829 seconds 
Editor requested this worker to shutdown with reason: Scaling down because of idle timeout
AssetImportWorker is now disconnected from the server
Process exiting
Exiting without the bug reporter. Application will terminate with return code 0