Using pre-set license
Built from '2021.3/staging' branch; Version is '2021.3.6f1 (7da38d85baf6) revision 8233869'; Using compiler version '192829333'; Build Type 'Release'
OS: 'Windows 10  (10.0.19044) 64bit EducationN' Language: 'ko' Physical Memory: 16335 MB
BatchMode: 1, IsHumanControllingUs: 0, StartBugReporterOnCrash: 0, Is64bit: 1, IsPro: 1

COMMAND LINE ARGUMENTS:
C:\Program Files\Unity\Hub\Editor\2021.3.6f1\Editor\Unity.exe
-adb2
-batchMode
-noUpm
-name
AssetImportWorker99
-projectPath
E:/사용자/김원준/Documents/GitHub/BBANG/BBANG_unity
-logFile
Logs/AssetImportWorker99.log
-srvPort
7659
Successfully changed project path to: E:/사용자/김원준/Documents/GitHub/BBANG/BBANG_unity
E:/사용자/김원준/Documents/GitHub/BBANG/BBANG_unity
[UnityMemory] Configuration Parameters - Can be set up in boot.config
    "memorysetup-bucket-allocator-granularity=16"
    "memorysetup-bucket-allocator-bucket-count=8"
    "memorysetup-bucket-allocator-block-size=33554432"
    "memorysetup-bucket-allocator-block-count=8"
    "memorysetup-main-allocator-block-size=16777216"
    "memorysetup-thread-allocator-block-size=16777216"
    "memorysetup-gfx-main-allocator-block-size=16777216"
    "memorysetup-gfx-thread-allocator-block-size=16777216"
    "memorysetup-cache-allocator-block-size=4194304"
    "memorysetup-typetree-allocator-block-size=2097152"
    "memorysetup-profiler-bucket-allocator-granularity=16"
    "memorysetup-profiler-bucket-allocator-bucket-count=8"
    "memorysetup-profiler-bucket-allocator-block-size=33554432"
    "memorysetup-profiler-bucket-allocator-block-count=8"
    "memorysetup-profiler-allocator-block-size=16777216"
    "memorysetup-profiler-editor-allocator-block-size=1048576"
    "memorysetup-temp-allocator-size-main=16777216"
    "memorysetup-job-temp-allocator-block-size=2097152"
    "memorysetup-job-temp-allocator-block-size-background=1048576"
    "memorysetup-job-temp-allocator-reduction-small-platforms=262144"
    "memorysetup-temp-allocator-size-background-worker=32768"
    "memorysetup-temp-allocator-size-job-worker=262144"
    "memorysetup-temp-allocator-size-preload-manager=33554432"
    "memorysetup-temp-allocator-size-nav-mesh-worker=65536"
    "memorysetup-temp-allocator-size-audio-worker=65536"
    "memorysetup-temp-allocator-size-cloud-worker=32768"
    "memorysetup-temp-allocator-size-gi-baking-worker=262144"
    "memorysetup-temp-allocator-size-gfx=262144"
Refreshing native plugins compatible for Editor in 217.07 ms, found 3 plugins.
Preloading 0 native plugins for Editor in 0.00 ms.
Initialize engine version: 2021.3.6f1 (7da38d85baf6)
[Subsystems] Discovering subsystems at path C:/Program Files/Unity/Hub/Editor/2021.3.6f1/Editor/Data/Resources/UnitySubsystems
[Subsystems] Discovering subsystems at path E:/사용자/김원준/Documents/GitHub/BBANG/BBANG_unity/Assets
GfxDevice: creating device client; threaded=0; jobified=0
Direct3D:
    Version:  Direct3D 11.0 [level 11.1]
    Renderer: NVIDIA GeForce GTX 1060 3GB (ID=0x1c02)
    Vendor:   NVIDIA
    VRAM:     2988 MB
    Driver:   30.0.15.1259
Initialize mono
Mono path[0] = 'C:/Program Files/Unity/Hub/Editor/2021.3.6f1/Editor/Data/Managed'
Mono path[1] = 'C:/Program Files/Unity/Hub/Editor/2021.3.6f1/Editor/Data/MonoBleedingEdge/lib/mono/unityjit-win32'
Mono config path = 'C:/Program Files/Unity/Hub/Editor/2021.3.6f1/Editor/Data/MonoBleedingEdge/etc'
Using monoOptions --debugger-agent=transport=dt_socket,embedding=1,server=y,suspend=n,address=127.0.0.1:56184
Begin MonoManager ReloadAssembly
Registering precompiled unity dll's ...
Register platform support module: C:/Program Files/Unity/Hub/Editor/2021.3.6f1/Editor/Data/PlaybackEngines/WindowsStandaloneSupport/UnityEditor.WindowsStandalone.Extensions.dll
Registered in 0.044493 seconds.
Native extension for WindowsStandalone target not found
Refreshing native plugins compatible for Editor in 168.96 ms, found 3 plugins.
Preloading 0 native plugins for Editor in 0.00 ms.
Mono: successfully reloaded assembly
- Completed reload, in  1.692 seconds
Domain Reload Profiling:
	ReloadAssembly (1693ms)
		BeginReloadAssembly (395ms)
			ExecutionOrderSort (0ms)
			DisableScriptedObjects (0ms)
			BackupInstance (0ms)
			ReleaseScriptingObjects (0ms)
			CreateAndSetChildDomain (2ms)
		EndReloadAssembly (992ms)
			LoadAssemblies (377ms)
			RebuildTransferFunctionScriptingTraits (0ms)
			SetupTypeCache (194ms)
			ReleaseScriptCaches (0ms)
			RebuildScriptCaches (74ms)
			SetupLoadedEditorAssemblies (620ms)
				LogAssemblyErrors (0ms)
				InitializePlatformSupportModulesInManaged (28ms)
				SetLoadedEditorAssemblies (1ms)
				RefreshPlugins (169ms)
				BeforeProcessingInitializeOnLoad (2ms)
				ProcessInitializeOnLoadAttributes (288ms)
				ProcessInitializeOnLoadMethodAttributes (134ms)
				AfterProcessingInitializeOnLoad (0ms)
				EditorAssembliesLoaded (0ms)
			ExecutionOrderSort2 (0ms)
			AwakeInstancesAfterBackupRestoration (0ms)
Platform modules already initialized, skipping
Registering precompiled user dll's ...
Registered in 0.007784 seconds.
Begin MonoManager ReloadAssembly
Symbol file LoadedFromMemory doesn't match image E:\사용자\김원준\Documents\GitHub\BBANG\BBANG_unity\Library\PackageCache\com.unity.visualscripting@1.7.8\Editor\VisualScripting.Core\Dependencies\YamlDotNet\Unity.VisualScripting.YamlDotNet.dll
Symbol file LoadedFromMemory doesn't match image E:\사용자\김원준\Documents\GitHub\BBANG\BBANG_unity\Library\PackageCache\com.unity.visualscripting@1.7.8\Editor\VisualScripting.Core\Dependencies\DotNetZip\Unity.VisualScripting.IonicZip.dll
Native extension for WindowsStandalone target not found
Refreshing native plugins compatible for Editor in 0.96 ms, found 3 plugins.
Preloading 0 native plugins for Editor in 0.00 ms.
Mono: successfully reloaded assembly
- Completed reload, in  2.182 seconds
Domain Reload Profiling:
	ReloadAssembly (2183ms)
		BeginReloadAssembly (270ms)
			ExecutionOrderSort (0ms)
			DisableScriptedObjects (9ms)
			BackupInstance (0ms)
			ReleaseScriptingObjects (0ms)
			CreateAndSetChildDomain (25ms)
		EndReloadAssembly (1690ms)
			LoadAssemblies (228ms)
			RebuildTransferFunctionScriptingTraits (0ms)
			SetupTypeCache (397ms)
			ReleaseScriptCaches (1ms)
			RebuildScriptCaches (78ms)
			SetupLoadedEditorAssemblies (942ms)
				LogAssemblyErrors (0ms)
				InitializePlatformSupportModulesInManaged (19ms)
				SetLoadedEditorAssemblies (1ms)
				RefreshPlugins (1ms)
				BeforeProcessingInitializeOnLoad (186ms)
				ProcessInitializeOnLoadAttributes (558ms)
				ProcessInitializeOnLoadMethodAttributes (97ms)
				AfterProcessingInitializeOnLoad (80ms)
				EditorAssembliesLoaded (0ms)
			ExecutionOrderSort2 (0ms)
			AwakeInstancesAfterBackupRestoration (55ms)
Platform modules already initialized, skipping
========================================================================
Worker process is ready to serve import requests
Launched and connected shader compiler UnityShaderCompiler.exe after 0.10 seconds
Refreshing native plugins compatible for Editor in 1.23 ms, found 3 plugins.
Preloading 0 native plugins for Editor in 0.00 ms.
Unloading 3377 Unused Serialized files (Serialized files now loaded: 0)
Unloading 25 unused Assets / (55.9 KB). Loaded Objects now: 3870.
Memory consumption went from 133.9 MB to 133.8 MB.
Total: 4.444700 ms (FindLiveObjects: 0.384600 ms CreateObjectMapping: 0.250600 ms MarkObjects: 3.686600 ms  DeleteObjects: 0.121400 ms)

AssetImportParameters requested are different than current active one (requested -> active):
  custom:video-decoder-ogg-theora: a1e56fd34408186e4bbccfd4996cb3dc -> 
  custom:container-muxer-webm: aa71ff27fc2769a1b78a27578f13a17b -> 
  custom:container-demuxer-webm: 4f35f7cbe854078d1ac9338744f61a02 -> 
  custom:video-encoder-webm-vp8: eb34c28f22e8b96e1ab97ce403110664 -> 
  custom:audio-encoder-webm-vorbis: bf7c407c2cedff20999df2af8eb42d56 -> 
  custom:container-demuxer-ogg: 62fdf1f143b41e24485cea50d1cbac27 -> 
  custom:video-decoder-webm-vp8: 9c59270c3fd7afecdb556c50c9e8de78 -> 
  custom:audio-decoder-ogg-vorbis: bf7c407c2cedff20999df2af8eb42d56 -> 
========================================================================
Received Import Request.
  Time since last request: 760590.011424 seconds.
  path: Assets/Single_detailed_truck/Prefabs/Truck.prefab
  artifactKey: Guid(b70eb1cf1be37564f8063fba2095584b) Importer(815301076,1909f56bfc062723c751e8b465ee728b)
Start importing Assets/Single_detailed_truck/Prefabs/Truck.prefab using Guid(b70eb1cf1be37564f8063fba2095584b) Importer(815301076,1909f56bfc062723c751e8b465ee728b)  -> (artifact id: 'cc25166978a4bd39652dac2911347805') in 1.511254 seconds 
========================================================================
Received Import Request.
  Time since last request: 1.248080 seconds.
  path: Assets/Watch_tower/Tower_A
  artifactKey: Guid(4a87225fad6569845a562332dd9b9c5e) Importer(815301076,1909f56bfc062723c751e8b465ee728b)
Start importing Assets/Watch_tower/Tower_A using Guid(4a87225fad6569845a562332dd9b9c5e) Importer(815301076,1909f56bfc062723c751e8b465ee728b)  -> (artifact id: '35ca30d80dfa1eef335346a9d594c2a9') in 0.187867 seconds 
========================================================================
Received Import Request.
  Time since last request: 1275.998236 seconds.
  path: Assets/Watch_tower/Tower_B/Materials/Metal_support.mat
  artifactKey: Guid(bb3bc7fa67308134f8916c219122dcf6) Importer(815301076,1909f56bfc062723c751e8b465ee728b)
Start importing Assets/Watch_tower/Tower_B/Materials/Metal_support.mat using Guid(bb3bc7fa67308134f8916c219122dcf6) Importer(815301076,1909f56bfc062723c751e8b465ee728b)  -> (artifact id: 'fbcfca9e4b18f0547a3daaa44ea2b7a3') in 15.559370 seconds 
========================================================================
Received Import Request.
  Time since last request: 3.061792 seconds.
  path: Assets/Watch_tower/Tower_B/Materials/Metal_support1.mat
  artifactKey: Guid(ccce1c7395ba11442bdc5ad450203e5c) Importer(815301076,1909f56bfc062723c751e8b465ee728b)
Start importing Assets/Watch_tower/Tower_B/Materials/Metal_support1.mat using Guid(ccce1c7395ba11442bdc5ad450203e5c) Importer(815301076,1909f56bfc062723c751e8b465ee728b)  -> (artifact id: '5b7bf71f289d4bea7d812fd44e2c6946') in 0.826144 seconds 
========================================================================
Received Import Request.
  Time since last request: 0.000053 seconds.
  path: Assets/Watch_tower/Tower_B/Materials/Tower.mat
  artifactKey: Guid(e938dfd5c97a25146978e654ae8c3721) Importer(815301076,1909f56bfc062723c751e8b465ee728b)
Start importing Assets/Watch_tower/Tower_B/Materials/Tower.mat using Guid(e938dfd5c97a25146978e654ae8c3721) Importer(815301076,1909f56bfc062723c751e8b465ee728b)  -> (artifact id: '660cced4234befbc49f1b132acee9bf1') in 0.039900 seconds 
========================================================================
Received Import Request.
  Time since last request: 0.031264 seconds.
  path: Assets/Watch_tower/Tower_B/Materials/Platform.mat
  artifactKey: Guid(903953d9580b96f4bad64496b6179ccf) Importer(815301076,1909f56bfc062723c751e8b465ee728b)
Start importing Assets/Watch_tower/Tower_B/Materials/Platform.mat using Guid(903953d9580b96f4bad64496b6179ccf) Importer(815301076,1909f56bfc062723c751e8b465ee728b)  -> (artifact id: '27cbe270a527f951885dc13727e5c6f9') in 6.353234 seconds 
========================================================================
Received Import Request.
  Time since last request: 0.033206 seconds.
  path: Assets/Watch_tower/Tower_C/Prefab
  artifactKey: Guid(79674a54e7c9717449c4ca409b983326) Importer(815301076,1909f56bfc062723c751e8b465ee728b)
Start importing Assets/Watch_tower/Tower_C/Prefab using Guid(79674a54e7c9717449c4ca409b983326) Importer(815301076,1909f56bfc062723c751e8b465ee728b)  -> (artifact id: '632e52a92c70b7e1a403de250be48fb6') in 0.006619 seconds 
