Using pre-set license
Built from '2021.3/staging' branch; Version is '2021.3.6f1 (7da38d85baf6) revision 8233869'; Using compiler version '192829333'; Build Type 'Release'
OS: 'Windows 10  (10.0.19044) 64bit EnterpriseS' Language: 'ko' Physical Memory: 16107 MB
BatchMode: 1, IsHumanControllingUs: 0, StartBugReporterOnCrash: 0, Is64bit: 1, IsPro: 1

COMMAND LINE ARGUMENTS:
C:\Users\msyang\Desktop\BBANGMAP\BBANG\2021.3.6f1\Editor\Unity.exe
-adb2
-batchMode
-noUpm
-name
AssetImportWorker4
-projectPath
C:/Users/msyang/Desktop/GITHUB/BBANG/BBANG_unity
-logFile
Logs/AssetImportWorker4.log
-srvPort
54743
Successfully changed project path to: C:/Users/msyang/Desktop/GITHUB/BBANG/BBANG_unity
C:/Users/msyang/Desktop/GITHUB/BBANG/BBANG_unity
[UnityMemory] Configuration Parameters - Can be set up in boot.config
    "memorysetup-bucket-allocator-granularity=16"
    "memorysetup-bucket-allocator-bucket-count=8"
    "memorysetup-bucket-allocator-block-size=33554432"
    "memorysetup-bucket-allocator-block-count=8"
    "memorysetup-main-allocator-block-size=16777216"
    "memorysetup-thread-allocator-block-size=16777216"
    "memorysetup-gfx-main-allocator-block-size=16777216"
    "memorysetup-gfx-thread-allocator-block-size=16777216"
    "memorysetup-cache-allocator-block-size=4194304"
    "memorysetup-typetree-allocator-block-size=2097152"
    "memorysetup-profiler-bucket-allocator-granularity=16"
    "memorysetup-profiler-bucket-allocator-bucket-count=8"
    "memorysetup-profiler-bucket-allocator-block-size=33554432"
    "memorysetup-profiler-bucket-allocator-block-count=8"
    "memorysetup-profiler-allocator-block-size=16777216"
    "memorysetup-profiler-editor-allocator-block-size=1048576"
    "memorysetup-temp-allocator-size-main=16777216"
    "memorysetup-job-temp-allocator-block-size=2097152"
    "memorysetup-job-temp-allocator-block-size-background=1048576"
    "memorysetup-job-temp-allocator-reduction-small-platforms=262144"
    "memorysetup-temp-allocator-size-background-worker=32768"
    "memorysetup-temp-allocator-size-job-worker=262144"
    "memorysetup-temp-allocator-size-preload-manager=33554432"
    "memorysetup-temp-allocator-size-nav-mesh-worker=65536"
    "memorysetup-temp-allocator-size-audio-worker=65536"
    "memorysetup-temp-allocator-size-cloud-worker=32768"
    "memorysetup-temp-allocator-size-gi-baking-worker=262144"
    "memorysetup-temp-allocator-size-gfx=262144"
Refreshing native plugins compatible for Editor in 215.56 ms, found 3 plugins.
Preloading 0 native plugins for Editor in 0.00 ms.
Initialize engine version: 2021.3.6f1 (7da38d85baf6)
[Subsystems] Discovering subsystems at path C:/Users/msyang/Desktop/BBANGMAP/BBANG/2021.3.6f1/Editor/Data/Resources/UnitySubsystems
[Subsystems] Discovering subsystems at path C:/Users/msyang/Desktop/GITHUB/BBANG/BBANG_unity/Assets
GfxDevice: creating device client; threaded=0; jobified=0
Direct3D:
    Version:  Direct3D 11.0 [level 11.1]
    Renderer: Intel(R) Iris(R) Xe Graphics (ID=0x9a49)
    Vendor:   Intel
    VRAM:     8053 MB
    Driver:   30.0.100.9805
Initialize mono
Mono path[0] = 'C:/Users/msyang/Desktop/BBANGMAP/BBANG/2021.3.6f1/Editor/Data/Managed'
Mono path[1] = 'C:/Users/msyang/Desktop/BBANGMAP/BBANG/2021.3.6f1/Editor/Data/MonoBleedingEdge/lib/mono/unityjit-win32'
Mono config path = 'C:/Users/msyang/Desktop/BBANGMAP/BBANG/2021.3.6f1/Editor/Data/MonoBleedingEdge/etc'
Using monoOptions --debugger-agent=transport=dt_socket,embedding=1,server=y,suspend=n,address=127.0.0.1:56268
Begin MonoManager ReloadAssembly
Registering precompiled unity dll's ...
Register platform support module: C:/Users/msyang/Desktop/BBANGMAP/BBANG/2021.3.6f1/Editor/Data/PlaybackEngines/WindowsStandaloneSupport/UnityEditor.WindowsStandalone.Extensions.dll
Registered in 0.040039 seconds.
Native extension for WindowsStandalone target not found
Refreshing native plugins compatible for Editor in 183.08 ms, found 3 plugins.
Preloading 0 native plugins for Editor in 0.00 ms.
Mono: successfully reloaded assembly
- Completed reload, in  1.502 seconds
Domain Reload Profiling:
	ReloadAssembly (1502ms)
		BeginReloadAssembly (191ms)
			ExecutionOrderSort (0ms)
			DisableScriptedObjects (0ms)
			BackupInstance (0ms)
			ReleaseScriptingObjects (0ms)
			CreateAndSetChildDomain (1ms)
		EndReloadAssembly (1010ms)
			LoadAssemblies (187ms)
			RebuildTransferFunctionScriptingTraits (0ms)
			SetupTypeCache (274ms)
			ReleaseScriptCaches (0ms)
			RebuildScriptCaches (58ms)
			SetupLoadedEditorAssemblies (551ms)
				LogAssemblyErrors (0ms)
				InitializePlatformSupportModulesInManaged (24ms)
				SetLoadedEditorAssemblies (1ms)
				RefreshPlugins (183ms)
				BeforeProcessingInitializeOnLoad (3ms)
				ProcessInitializeOnLoadAttributes (240ms)
				ProcessInitializeOnLoadMethodAttributes (99ms)
				AfterProcessingInitializeOnLoad (0ms)
				EditorAssembliesLoaded (0ms)
			ExecutionOrderSort2 (0ms)
			AwakeInstancesAfterBackupRestoration (0ms)
Platform modules already initialized, skipping
Registering precompiled user dll's ...
Registered in 0.017999 seconds.
Begin MonoManager ReloadAssembly
Symbol file LoadedFromMemory doesn't match image C:\Users\msyang\Desktop\GITHUB\BBANG\BBANG_unity\Library\PackageCache\com.unity.visualscripting@1.7.8\Editor\VisualScripting.Core\Dependencies\YamlDotNet\Unity.VisualScripting.YamlDotNet.dll
Symbol file LoadedFromMemory doesn't match image C:\Users\msyang\Desktop\GITHUB\BBANG\BBANG_unity\Library\PackageCache\com.unity.visualscripting@1.7.8\Editor\VisualScripting.Core\Dependencies\DotNetZip\Unity.VisualScripting.IonicZip.dll
Native extension for WindowsStandalone target not found
Refreshing native plugins compatible for Editor in 2.21 ms, found 3 plugins.
Preloading 0 native plugins for Editor in 0.00 ms.
Mono: successfully reloaded assembly
- Completed reload, in  2.190 seconds
Domain Reload Profiling:
	ReloadAssembly (2192ms)
		BeginReloadAssembly (270ms)
			ExecutionOrderSort (0ms)
			DisableScriptedObjects (11ms)
			BackupInstance (0ms)
			ReleaseScriptingObjects (0ms)
			CreateAndSetChildDomain (34ms)
		EndReloadAssembly (1693ms)
			LoadAssemblies (225ms)
			RebuildTransferFunctionScriptingTraits (0ms)
			SetupTypeCache (547ms)
			ReleaseScriptCaches (2ms)
			RebuildScriptCaches (104ms)
			SetupLoadedEditorAssemblies (781ms)
				LogAssemblyErrors (0ms)
				InitializePlatformSupportModulesInManaged (19ms)
				SetLoadedEditorAssemblies (1ms)
				RefreshPlugins (2ms)
				BeforeProcessingInitializeOnLoad (179ms)
				ProcessInitializeOnLoadAttributes (488ms)
				ProcessInitializeOnLoadMethodAttributes (67ms)
				AfterProcessingInitializeOnLoad (25ms)
				EditorAssembliesLoaded (1ms)
			ExecutionOrderSort2 (0ms)
			AwakeInstancesAfterBackupRestoration (17ms)
Platform modules already initialized, skipping
========================================================================
Worker process is ready to serve import requests
Launched and connected shader compiler UnityShaderCompiler.exe after 0.09 seconds
Refreshing native plugins compatible for Editor in 1.11 ms, found 3 plugins.
Preloading 0 native plugins for Editor in 0.00 ms.
Unloading 3382 Unused Serialized files (Serialized files now loaded: 0)
Unloading 25 unused Assets / (55.7 KB). Loaded Objects now: 3868.
Memory consumption went from 133.3 MB to 133.3 MB.
Total: 4.063500 ms (FindLiveObjects: 0.410800 ms CreateObjectMapping: 0.182900 ms MarkObjects: 3.368400 ms  DeleteObjects: 0.099500 ms)

AssetImportParameters requested are different than current active one (requested -> active):
  custom:video-decoder-ogg-theora: a1e56fd34408186e4bbccfd4996cb3dc -> 
  custom:container-muxer-webm: aa71ff27fc2769a1b78a27578f13a17b -> 
  custom:container-demuxer-webm: 4f35f7cbe854078d1ac9338744f61a02 -> 
  custom:video-encoder-webm-vp8: eb34c28f22e8b96e1ab97ce403110664 -> 
  custom:audio-encoder-webm-vorbis: bf7c407c2cedff20999df2af8eb42d56 -> 
  custom:framework-win-MediaFoundation: 216162199b28c13a410421893ffa2e32 -> 
  custom:container-demuxer-ogg: 62fdf1f143b41e24485cea50d1cbac27 -> 
  custom:video-decoder-webm-vp8: 9c59270c3fd7afecdb556c50c9e8de78 -> 
  custom:audio-decoder-ogg-vorbis: bf7c407c2cedff20999df2af8eb42d56 -> 
========================================================================
Received Import Request.
  Time since last request: 16759.044111 seconds.
  path: Assets/POLYGON city pack/Meshes,textures/props_FBX/Dynamic_power_pole_cable.fbx
  artifactKey: Guid(db2ce2858abe7e2439337f36cb4c5fc2) Importer(815301076,1909f56bfc062723c751e8b465ee728b)
Start importing Assets/POLYGON city pack/Meshes,textures/props_FBX/Dynamic_power_pole_cable.fbx using Guid(db2ce2858abe7e2439337f36cb4c5fc2) Importer(815301076,1909f56bfc062723c751e8b465ee728b)  -> (artifact id: '9e318a66c0ed79d481a1d218d778e716') in 2.537235 seconds 
========================================================================
Received Import Request.
  Time since last request: 0.000032 seconds.
  path: Assets/Enviroment/enviroment/Office building/meshes/office building.fbx
  artifactKey: Guid(18cd780e6948a554a850b2d047ebf8fb) Importer(815301076,1909f56bfc062723c751e8b465ee728b)
Start importing Assets/Enviroment/enviroment/Office building/meshes/office building.fbx using Guid(18cd780e6948a554a850b2d047ebf8fb) Importer(815301076,1909f56bfc062723c751e8b465ee728b)  -> (artifact id: 'ef5c2706f3b6e2ea909d4269d2f3c8c9') in 7.115910 seconds 
========================================================================
Received Import Request.
  Time since last request: 231.012455 seconds.
  path: Assets/Lion_Statue/Lion_statue.fbx
  artifactKey: Guid(0f2db1a86a8c9174086a63877d81d52a) Importer(815301076,1909f56bfc062723c751e8b465ee728b)
Start importing Assets/Lion_Statue/Lion_statue.fbx using Guid(0f2db1a86a8c9174086a63877d81d52a) Importer(815301076,1909f56bfc062723c751e8b465ee728b)  -> (artifact id: '4ef7a3e5eddcbb779686ed6bd173520d') in 1.149552 seconds 
========================================================================
Received Import Request.
  Time since last request: 0.000040 seconds.
  path: Assets/Lion_Statue/Lion_Statue_2.prefab
  artifactKey: Guid(3a411b66ea764d64886749dc017f342b) Importer(815301076,1909f56bfc062723c751e8b465ee728b)
Start importing Assets/Lion_Statue/Lion_Statue_2.prefab using Guid(3a411b66ea764d64886749dc017f342b) Importer(815301076,1909f56bfc062723c751e8b465ee728b)  -> (artifact id: '341de43d423bbed6f40455ba6ed76d27') in 0.059008 seconds 
========================================================================
Received Import Request.
  Time since last request: 4.367441 seconds.
  path: Assets/Lion_Statue/Materials
  artifactKey: Guid(03e6a075aa575a04c98410bc0741706a) Importer(815301076,1909f56bfc062723c751e8b465ee728b)
Start importing Assets/Lion_Statue/Materials using Guid(03e6a075aa575a04c98410bc0741706a) Importer(815301076,1909f56bfc062723c751e8b465ee728b)  -> (artifact id: 'c2a20fa6a2b366f2e64af647afe88187') in 0.024430 seconds 
========================================================================
Received Import Request.
  Time since last request: 0.000038 seconds.
  path: Assets/Lion_Statue/Materials/Material__Lion.mat
  artifactKey: Guid(c24c315b151e3904a97e74a7208cdd82) Importer(815301076,1909f56bfc062723c751e8b465ee728b)
Start importing Assets/Lion_Statue/Materials/Material__Lion.mat using Guid(c24c315b151e3904a97e74a7208cdd82) Importer(815301076,1909f56bfc062723c751e8b465ee728b)  -> (artifact id: 'bc3571fb3e609b4db0f6dcc21bdc5afe') in 0.068127 seconds 
========================================================================
Received Import Request.
  Time since last request: 3.543206 seconds.
  path: Assets/Lion_Statue/Textures/Lion
  artifactKey: Guid(b798ac990d6cb1b4ab41283eb499abc4) Importer(815301076,1909f56bfc062723c751e8b465ee728b)
Start importing Assets/Lion_Statue/Textures/Lion using Guid(b798ac990d6cb1b4ab41283eb499abc4) Importer(815301076,1909f56bfc062723c751e8b465ee728b)  -> (artifact id: '0a5b6666ffdc635072f7fa6e14238e0f') in 0.044506 seconds 
========================================================================
Received Import Request.
  Time since last request: 0.000041 seconds.
  path: Assets/Lion_Statue/Textures/Lion/Lion_Statue_Normal.png
  artifactKey: Guid(fa1149866dc10cb4382274aad5a29f95) Importer(815301076,1909f56bfc062723c751e8b465ee728b)
Start importing Assets/Lion_Statue/Textures/Lion/Lion_Statue_Normal.png using Guid(fa1149866dc10cb4382274aad5a29f95) Importer(815301076,1909f56bfc062723c751e8b465ee728b)  -> (artifact id: '31d34a61d487208fe05885e5f4aee4ca') in 1.155190 seconds 
========================================================================
Received Import Request.
  Time since last request: 0.401634 seconds.
  path: Assets/Lion_Statue/Textures/Block/Stone_Block_Albedo.png
  artifactKey: Guid(0fadbd612eca4fe41a424f905bf93809) Importer(815301076,1909f56bfc062723c751e8b465ee728b)
Start importing Assets/Lion_Statue/Textures/Block/Stone_Block_Albedo.png using Guid(0fadbd612eca4fe41a424f905bf93809) Importer(815301076,1909f56bfc062723c751e8b465ee728b)  -> (artifact id: '3582c7c6f7f67cb30514207ea8ad208c') in 0.033478 seconds 
Editor requested this worker to shutdown with reason: Scaling down because of idle timeout
AssetImportWorker is now disconnected from the server
Process exiting
Exiting without the bug reporter. Application will terminate with return code 0