Using pre-set license
Built from '2021.3/staging' branch; Version is '2021.3.6f1 (7da38d85baf6) revision 8233869'; Using compiler version '192829333'; Build Type 'Release'
OS: 'Windows 10  (10.0.19044) 64bit EducationN' Language: 'ko' Physical Memory: 16335 MB
BatchMode: 1, IsHumanControllingUs: 0, StartBugReporterOnCrash: 0, Is64bit: 1, IsPro: 1

COMMAND LINE ARGUMENTS:
C:\Program Files\Unity\Hub\Editor\2021.3.6f1\Editor\Unity.exe
-adb2
-batchMode
-noUpm
-name
AssetImportWorker11
-projectPath
E:/사용자/김원준/Documents/GitHub/BBANG/BBANG_unity
-logFile
Logs/AssetImportWorker11.log
-srvPort
2122
Successfully changed project path to: E:/사용자/김원준/Documents/GitHub/BBANG/BBANG_unity
E:/사용자/김원준/Documents/GitHub/BBANG/BBANG_unity
[UnityMemory] Configuration Parameters - Can be set up in boot.config
    "memorysetup-bucket-allocator-granularity=16"
    "memorysetup-bucket-allocator-bucket-count=8"
    "memorysetup-bucket-allocator-block-size=33554432"
    "memorysetup-bucket-allocator-block-count=8"
    "memorysetup-main-allocator-block-size=16777216"
    "memorysetup-thread-allocator-block-size=16777216"
    "memorysetup-gfx-main-allocator-block-size=16777216"
    "memorysetup-gfx-thread-allocator-block-size=16777216"
    "memorysetup-cache-allocator-block-size=4194304"
    "memorysetup-typetree-allocator-block-size=2097152"
    "memorysetup-profiler-bucket-allocator-granularity=16"
    "memorysetup-profiler-bucket-allocator-bucket-count=8"
    "memorysetup-profiler-bucket-allocator-block-size=33554432"
    "memorysetup-profiler-bucket-allocator-block-count=8"
    "memorysetup-profiler-allocator-block-size=16777216"
    "memorysetup-profiler-editor-allocator-block-size=1048576"
    "memorysetup-temp-allocator-size-main=16777216"
    "memorysetup-job-temp-allocator-block-size=2097152"
    "memorysetup-job-temp-allocator-block-size-background=1048576"
    "memorysetup-job-temp-allocator-reduction-small-platforms=262144"
    "memorysetup-temp-allocator-size-background-worker=32768"
    "memorysetup-temp-allocator-size-job-worker=262144"
    "memorysetup-temp-allocator-size-preload-manager=33554432"
    "memorysetup-temp-allocator-size-nav-mesh-worker=65536"
    "memorysetup-temp-allocator-size-audio-worker=65536"
    "memorysetup-temp-allocator-size-cloud-worker=32768"
    "memorysetup-temp-allocator-size-gi-baking-worker=262144"
    "memorysetup-temp-allocator-size-gfx=262144"
Refreshing native plugins compatible for Editor in 557.72 ms, found 3 plugins.
Preloading 0 native plugins for Editor in 0.00 ms.
Initialize engine version: 2021.3.6f1 (7da38d85baf6)
[Subsystems] Discovering subsystems at path C:/Program Files/Unity/Hub/Editor/2021.3.6f1/Editor/Data/Resources/UnitySubsystems
[Subsystems] Discovering subsystems at path E:/사용자/김원준/Documents/GitHub/BBANG/BBANG_unity/Assets
GfxDevice: creating device client; threaded=0; jobified=0
Direct3D:
    Version:  Direct3D 11.0 [level 11.1]
    Renderer: NVIDIA GeForce GTX 1060 3GB (ID=0x1c02)
    Vendor:   NVIDIA
    VRAM:     2988 MB
    Driver:   30.0.15.1259
Initialize mono
Mono path[0] = 'C:/Program Files/Unity/Hub/Editor/2021.3.6f1/Editor/Data/Managed'
Mono path[1] = 'C:/Program Files/Unity/Hub/Editor/2021.3.6f1/Editor/Data/MonoBleedingEdge/lib/mono/unityjit-win32'
Mono config path = 'C:/Program Files/Unity/Hub/Editor/2021.3.6f1/Editor/Data/MonoBleedingEdge/etc'
Using monoOptions --debugger-agent=transport=dt_socket,embedding=1,server=y,suspend=n,address=127.0.0.1:56192
Begin MonoManager ReloadAssembly
Registering precompiled unity dll's ...
Register platform support module: C:/Program Files/Unity/Hub/Editor/2021.3.6f1/Editor/Data/PlaybackEngines/WindowsStandaloneSupport/UnityEditor.WindowsStandalone.Extensions.dll
Registered in 0.062326 seconds.
Native extension for WindowsStandalone target not found
Refreshing native plugins compatible for Editor in 127.12 ms, found 3 plugins.
Preloading 0 native plugins for Editor in 0.00 ms.
Mono: successfully reloaded assembly
- Completed reload, in  3.536 seconds
Domain Reload Profiling:
	ReloadAssembly (3537ms)
		BeginReloadAssembly (1498ms)
			ExecutionOrderSort (0ms)
			DisableScriptedObjects (0ms)
			BackupInstance (0ms)
			ReleaseScriptingObjects (0ms)
			CreateAndSetChildDomain (62ms)
		EndReloadAssembly (891ms)
			LoadAssemblies (1192ms)
			RebuildTransferFunctionScriptingTraits (0ms)
			SetupTypeCache (199ms)
			ReleaseScriptCaches (0ms)
			RebuildScriptCaches (53ms)
			SetupLoadedEditorAssemblies (519ms)
				LogAssemblyErrors (0ms)
				InitializePlatformSupportModulesInManaged (20ms)
				SetLoadedEditorAssemblies (0ms)
				RefreshPlugins (127ms)
				BeforeProcessingInitializeOnLoad (4ms)
				ProcessInitializeOnLoadAttributes (232ms)
				ProcessInitializeOnLoadMethodAttributes (135ms)
				AfterProcessingInitializeOnLoad (0ms)
				EditorAssembliesLoaded (0ms)
			ExecutionOrderSort2 (0ms)
			AwakeInstancesAfterBackupRestoration (0ms)
Platform modules already initialized, skipping
Registering precompiled user dll's ...
Registered in 0.027680 seconds.
Begin MonoManager ReloadAssembly
Symbol file LoadedFromMemory doesn't match image E:\사용자\김원준\Documents\GitHub\BBANG\BBANG_unity\Library\PackageCache\com.unity.visualscripting@1.7.8\Editor\VisualScripting.Core\Dependencies\YamlDotNet\Unity.VisualScripting.YamlDotNet.dll
Symbol file LoadedFromMemory doesn't match image E:\사용자\김원준\Documents\GitHub\BBANG\BBANG_unity\Library\PackageCache\com.unity.visualscripting@1.7.8\Editor\VisualScripting.Core\Dependencies\DotNetZip\Unity.VisualScripting.IonicZip.dll
Native extension for WindowsStandalone target not found
Refreshing native plugins compatible for Editor in 5.15 ms, found 3 plugins.
Preloading 0 native plugins for Editor in 0.00 ms.
Mono: successfully reloaded assembly
- Completed reload, in  2.274 seconds
Domain Reload Profiling:
	ReloadAssembly (2275ms)
		BeginReloadAssembly (369ms)
			ExecutionOrderSort (0ms)
			DisableScriptedObjects (10ms)
			BackupInstance (0ms)
			ReleaseScriptingObjects (0ms)
			CreateAndSetChildDomain (45ms)
		EndReloadAssembly (1648ms)
			LoadAssemblies (260ms)
			RebuildTransferFunctionScriptingTraits (0ms)
			SetupTypeCache (457ms)
			ReleaseScriptCaches (1ms)
			RebuildScriptCaches (102ms)
			SetupLoadedEditorAssemblies (784ms)
				LogAssemblyErrors (0ms)
				InitializePlatformSupportModulesInManaged (23ms)
				SetLoadedEditorAssemblies (4ms)
				RefreshPlugins (5ms)
				BeforeProcessingInitializeOnLoad (233ms)
				ProcessInitializeOnLoadAttributes (427ms)
				ProcessInitializeOnLoadMethodAttributes (53ms)
				AfterProcessingInitializeOnLoad (39ms)
				EditorAssembliesLoaded (0ms)
			ExecutionOrderSort2 (0ms)
			AwakeInstancesAfterBackupRestoration (29ms)
Platform modules already initialized, skipping
========================================================================
Worker process is ready to serve import requests
Launched and connected shader compiler UnityShaderCompiler.exe after 0.13 seconds
Refreshing native plugins compatible for Editor in 0.87 ms, found 3 plugins.
Preloading 0 native plugins for Editor in 0.00 ms.
Unloading 3382 Unused Serialized files (Serialized files now loaded: 0)
Unloading 25 unused Assets / (55.8 KB). Loaded Objects now: 3860.
Memory consumption went from 133.0 MB to 133.0 MB.
Total: 6.229500 ms (FindLiveObjects: 0.392000 ms CreateObjectMapping: 0.169400 ms MarkObjects: 5.565600 ms  DeleteObjects: 0.101300 ms)

AssetImportParameters requested are different than current active one (requested -> active):
  custom:video-decoder-ogg-theora: a1e56fd34408186e4bbccfd4996cb3dc -> 
  custom:container-muxer-webm: aa71ff27fc2769a1b78a27578f13a17b -> 
  custom:container-demuxer-webm: 4f35f7cbe854078d1ac9338744f61a02 -> 
  custom:video-encoder-webm-vp8: eb34c28f22e8b96e1ab97ce403110664 -> 
  custom:audio-encoder-webm-vorbis: bf7c407c2cedff20999df2af8eb42d56 -> 
  custom:container-demuxer-ogg: 62fdf1f143b41e24485cea50d1cbac27 -> 
  custom:video-decoder-webm-vp8: 9c59270c3fd7afecdb556c50c9e8de78 -> 
  custom:audio-decoder-ogg-vorbis: bf7c407c2cedff20999df2af8eb42d56 -> 
========================================================================
Received Import Request.
  Time since last request: 174340.943205 seconds.
  path: Assets/Enviroment/enviroment/Office building/materials Building/A.mat
  artifactKey: Guid(9609c3282513e0d4b849885c22555249) Importer(815301076,1909f56bfc062723c751e8b465ee728b)
Start importing Assets/Enviroment/enviroment/Office building/materials Building/A.mat using Guid(9609c3282513e0d4b849885c22555249) Importer(815301076,1909f56bfc062723c751e8b465ee728b)  -> (artifact id: '8815d18c94f37743d7a43ae77c26a546') in 46.363085 seconds 
========================================================================
Received Import Request.
  Time since last request: 54.680936 seconds.
  path: Assets/POLYGON city pack/Materials/Colors_buildings/A1.mat
  artifactKey: Guid(1af4b0d855a4f694baba51a55f5c6cc9) Importer(815301076,1909f56bfc062723c751e8b465ee728b)
Start importing Assets/POLYGON city pack/Materials/Colors_buildings/A1.mat using Guid(1af4b0d855a4f694baba51a55f5c6cc9) Importer(815301076,1909f56bfc062723c751e8b465ee728b)  -> (artifact id: '4f4a25118a1fb8f52fec7575e806920b') in 13.638952 seconds 
========================================================================
Received Import Request.
  Time since last request: 0.000033 seconds.
  path: Assets/POLYGON city pack/Meshes,textures/props_FBX/Materials/bumb.mat
  artifactKey: Guid(1ccafd7f26be1914ea4dee16096875f2) Importer(815301076,1909f56bfc062723c751e8b465ee728b)
Start importing Assets/POLYGON city pack/Meshes,textures/props_FBX/Materials/bumb.mat using Guid(1ccafd7f26be1914ea4dee16096875f2) Importer(815301076,1909f56bfc062723c751e8b465ee728b)  -> (artifact id: '805e3def567d981762bda58259349740') in 1.252365 seconds 
========================================================================
Received Import Request.
  Time since last request: 0.000038 seconds.
  path: Assets/Enviroment/enviroment/Office building/materials Building/Door glass.mat
  artifactKey: Guid(5636aba488ab1604081d3dde1e30656a) Importer(815301076,1909f56bfc062723c751e8b465ee728b)
Start importing Assets/Enviroment/enviroment/Office building/materials Building/Door glass.mat using Guid(5636aba488ab1604081d3dde1e30656a) Importer(815301076,1909f56bfc062723c751e8b465ee728b)  -> (artifact id: '7a0c1d3bc01b8ca4d1c8158ac424a787') in 0.125959 seconds 
========================================================================
Received Import Request.
  Time since last request: 0.000030 seconds.
  path: Assets/POLYGON city pack/Meshes,textures/props_FBX/Materials/Fence_B_2.mat
  artifactKey: Guid(356a3dcd42cd9914b82b8a701762e6d0) Importer(815301076,1909f56bfc062723c751e8b465ee728b)
Start importing Assets/POLYGON city pack/Meshes,textures/props_FBX/Materials/Fence_B_2.mat using Guid(356a3dcd42cd9914b82b8a701762e6d0) Importer(815301076,1909f56bfc062723c751e8b465ee728b)  -> (artifact id: 'a2975180497748b29b4f1fd014847f28') in 0.121705 seconds 
========================================================================
Received Import Request.
  Time since last request: 0.002158 seconds.
  path: Assets/POLYGON city pack/Meshes,textures/props_FBX/Materials/coke_machine_texture.mat
  artifactKey: Guid(c6dfa098ec9d68d45af4d8f2bdb6a118) Importer(815301076,1909f56bfc062723c751e8b465ee728b)
Start importing Assets/POLYGON city pack/Meshes,textures/props_FBX/Materials/coke_machine_texture.mat using Guid(c6dfa098ec9d68d45af4d8f2bdb6a118) Importer(815301076,1909f56bfc062723c751e8b465ee728b)  -> (artifact id: 'ec8c3d35b26e115886b48a18d4db8702') in 0.115792 seconds 
========================================================================
Received Import Request.
  Time since last request: 0.000028 seconds.
  path: Assets/POLYGON city pack/Materials/Material_meshs/can cola 1.mat
  artifactKey: Guid(bd66ca35e99389249936c646dd06c138) Importer(815301076,1909f56bfc062723c751e8b465ee728b)
Start importing Assets/POLYGON city pack/Materials/Material_meshs/can cola 1.mat using Guid(bd66ca35e99389249936c646dd06c138) Importer(815301076,1909f56bfc062723c751e8b465ee728b)  -> (artifact id: '07b4e6a7489c197cae16fb518163829f') in 1.909571 seconds 
========================================================================
Received Import Request.
  Time since last request: 0.000030 seconds.
  path: Assets/Enviroment/enviroment/Office building/materials Building/Elevator.mat
  artifactKey: Guid(f26ba6ebb5f8c4b4c8e18b3f8f4af834) Importer(815301076,1909f56bfc062723c751e8b465ee728b)
Start importing Assets/Enviroment/enviroment/Office building/materials Building/Elevator.mat using Guid(f26ba6ebb5f8c4b4c8e18b3f8f4af834) Importer(815301076,1909f56bfc062723c751e8b465ee728b)  -> (artifact id: '0faed6c427bdc52cf5c6bd47b67896e2') in 10.838961 seconds 
========================================================================
Received Import Request.
  Time since last request: 0.000039 seconds.
  path: Assets/Enviroment/enviroment/Office building/material props/clock.mat
  artifactKey: Guid(068229a989f1a9f439f07c2fdb3e796f) Importer(815301076,1909f56bfc062723c751e8b465ee728b)
Start importing Assets/Enviroment/enviroment/Office building/material props/clock.mat using Guid(068229a989f1a9f439f07c2fdb3e796f) Importer(815301076,1909f56bfc062723c751e8b465ee728b)  -> (artifact id: 'ef53c15b403fc67e518b302130cb287f') in 17.807621 seconds 
========================================================================
Received Import Request.
  Time since last request: 0.000037 seconds.
  path: Assets/Enviroment/enviroment/Office building/material props/conference table.mat
  artifactKey: Guid(c122d69c16be56845bb380e32455cd50) Importer(815301076,1909f56bfc062723c751e8b465ee728b)
Start importing Assets/Enviroment/enviroment/Office building/material props/conference table.mat using Guid(c122d69c16be56845bb380e32455cd50) Importer(815301076,1909f56bfc062723c751e8b465ee728b)  -> (artifact id: '77152a9503a86c99ac523c165c92579b') in 5.703715 seconds 
