Using pre-set license
Built from '2021.3/staging' branch; Version is '2021.3.6f1 (7da38d85baf6) revision 8233869'; Using compiler version '192829333'; Build Type 'Release'
OS: 'Windows 10  (10.0.19044) 64bit EnterpriseS' Language: 'ko' Physical Memory: 16107 MB
BatchMode: 1, IsHumanControllingUs: 0, StartBugReporterOnCrash: 0, Is64bit: 1, IsPro: 1

COMMAND LINE ARGUMENTS:
C:\Users\msyang\Desktop\BBANGMAP\BBANG\2021.3.6f1\Editor\Unity.exe
-adb2
-batchMode
-noUpm
-name
AssetImportWorker5
-projectPath
C:/Users/msyang/Desktop/GITHUB/BBANG/BBANG_unity
-logFile
Logs/AssetImportWorker5.log
-srvPort
54743
Successfully changed project path to: C:/Users/msyang/Desktop/GITHUB/BBANG/BBANG_unity
C:/Users/msyang/Desktop/GITHUB/BBANG/BBANG_unity
[UnityMemory] Configuration Parameters - Can be set up in boot.config
    "memorysetup-bucket-allocator-granularity=16"
    "memorysetup-bucket-allocator-bucket-count=8"
    "memorysetup-bucket-allocator-block-size=33554432"
    "memorysetup-bucket-allocator-block-count=8"
    "memorysetup-main-allocator-block-size=16777216"
    "memorysetup-thread-allocator-block-size=16777216"
    "memorysetup-gfx-main-allocator-block-size=16777216"
    "memorysetup-gfx-thread-allocator-block-size=16777216"
    "memorysetup-cache-allocator-block-size=4194304"
    "memorysetup-typetree-allocator-block-size=2097152"
    "memorysetup-profiler-bucket-allocator-granularity=16"
    "memorysetup-profiler-bucket-allocator-bucket-count=8"
    "memorysetup-profiler-bucket-allocator-block-size=33554432"
    "memorysetup-profiler-bucket-allocator-block-count=8"
    "memorysetup-profiler-allocator-block-size=16777216"
    "memorysetup-profiler-editor-allocator-block-size=1048576"
    "memorysetup-temp-allocator-size-main=16777216"
    "memorysetup-job-temp-allocator-block-size=2097152"
    "memorysetup-job-temp-allocator-block-size-background=1048576"
    "memorysetup-job-temp-allocator-reduction-small-platforms=262144"
    "memorysetup-temp-allocator-size-background-worker=32768"
    "memorysetup-temp-allocator-size-job-worker=262144"
    "memorysetup-temp-allocator-size-preload-manager=33554432"
    "memorysetup-temp-allocator-size-nav-mesh-worker=65536"
    "memorysetup-temp-allocator-size-audio-worker=65536"
    "memorysetup-temp-allocator-size-cloud-worker=32768"
    "memorysetup-temp-allocator-size-gi-baking-worker=262144"
    "memorysetup-temp-allocator-size-gfx=262144"
Refreshing native plugins compatible for Editor in 233.31 ms, found 3 plugins.
Preloading 0 native plugins for Editor in 0.00 ms.
Initialize engine version: 2021.3.6f1 (7da38d85baf6)
[Subsystems] Discovering subsystems at path C:/Users/msyang/Desktop/BBANGMAP/BBANG/2021.3.6f1/Editor/Data/Resources/UnitySubsystems
[Subsystems] Discovering subsystems at path C:/Users/msyang/Desktop/GITHUB/BBANG/BBANG_unity/Assets
GfxDevice: creating device client; threaded=0; jobified=0
Direct3D:
    Version:  Direct3D 11.0 [level 11.1]
    Renderer: Intel(R) Iris(R) Xe Graphics (ID=0x9a49)
    Vendor:   Intel
    VRAM:     8053 MB
    Driver:   30.0.100.9805
Initialize mono
Mono path[0] = 'C:/Users/msyang/Desktop/BBANGMAP/BBANG/2021.3.6f1/Editor/Data/Managed'
Mono path[1] = 'C:/Users/msyang/Desktop/BBANGMAP/BBANG/2021.3.6f1/Editor/Data/MonoBleedingEdge/lib/mono/unityjit-win32'
Mono config path = 'C:/Users/msyang/Desktop/BBANGMAP/BBANG/2021.3.6f1/Editor/Data/MonoBleedingEdge/etc'
Using monoOptions --debugger-agent=transport=dt_socket,embedding=1,server=y,suspend=n,address=127.0.0.1:56244
Begin MonoManager ReloadAssembly
Registering precompiled unity dll's ...
Register platform support module: C:/Users/msyang/Desktop/BBANGMAP/BBANG/2021.3.6f1/Editor/Data/PlaybackEngines/WindowsStandaloneSupport/UnityEditor.WindowsStandalone.Extensions.dll
Registered in 0.028625 seconds.
Native extension for WindowsStandalone target not found
Refreshing native plugins compatible for Editor in 194.63 ms, found 3 plugins.
Preloading 0 native plugins for Editor in 0.00 ms.
Mono: successfully reloaded assembly
- Completed reload, in  1.793 seconds
Domain Reload Profiling:
	ReloadAssembly (1795ms)
		BeginReloadAssembly (280ms)
			ExecutionOrderSort (0ms)
			DisableScriptedObjects (0ms)
			BackupInstance (0ms)
			ReleaseScriptingObjects (0ms)
			CreateAndSetChildDomain (2ms)
		EndReloadAssembly (1045ms)
			LoadAssemblies (275ms)
			RebuildTransferFunctionScriptingTraits (0ms)
			SetupTypeCache (266ms)
			ReleaseScriptCaches (0ms)
			RebuildScriptCaches (51ms)
			SetupLoadedEditorAssemblies (608ms)
				LogAssemblyErrors (0ms)
				InitializePlatformSupportModulesInManaged (19ms)
				SetLoadedEditorAssemblies (0ms)
				RefreshPlugins (195ms)
				BeforeProcessingInitializeOnLoad (3ms)
				ProcessInitializeOnLoadAttributes (262ms)
				ProcessInitializeOnLoadMethodAttributes (129ms)
				AfterProcessingInitializeOnLoad (0ms)
				EditorAssembliesLoaded (0ms)
			ExecutionOrderSort2 (0ms)
			AwakeInstancesAfterBackupRestoration (0ms)
Platform modules already initialized, skipping
Registering precompiled user dll's ...
Registered in 0.020615 seconds.
Begin MonoManager ReloadAssembly
Symbol file LoadedFromMemory doesn't match image C:\Users\msyang\Desktop\GITHUB\BBANG\BBANG_unity\Library\PackageCache\com.unity.visualscripting@1.7.8\Editor\VisualScripting.Core\Dependencies\YamlDotNet\Unity.VisualScripting.YamlDotNet.dll
Symbol file LoadedFromMemory doesn't match image C:\Users\msyang\Desktop\GITHUB\BBANG\BBANG_unity\Library\PackageCache\com.unity.visualscripting@1.7.8\Editor\VisualScripting.Core\Dependencies\DotNetZip\Unity.VisualScripting.IonicZip.dll
Native extension for WindowsStandalone target not found
Refreshing native plugins compatible for Editor in 1.53 ms, found 3 plugins.
Preloading 0 native plugins for Editor in 0.00 ms.
Mono: successfully reloaded assembly
- Completed reload, in  2.551 seconds
Domain Reload Profiling:
	ReloadAssembly (2552ms)
		BeginReloadAssembly (281ms)
			ExecutionOrderSort (0ms)
			DisableScriptedObjects (17ms)
			BackupInstance (0ms)
			ReleaseScriptingObjects (0ms)
			CreateAndSetChildDomain (37ms)
		EndReloadAssembly (1975ms)
			LoadAssemblies (236ms)
			RebuildTransferFunctionScriptingTraits (0ms)
			SetupTypeCache (660ms)
			ReleaseScriptCaches (1ms)
			RebuildScriptCaches (123ms)
			SetupLoadedEditorAssemblies (908ms)
				LogAssemblyErrors (0ms)
				InitializePlatformSupportModulesInManaged (26ms)
				SetLoadedEditorAssemblies (1ms)
				RefreshPlugins (2ms)
				BeforeProcessingInitializeOnLoad (206ms)
				ProcessInitializeOnLoadAttributes (586ms)
				ProcessInitializeOnLoadMethodAttributes (63ms)
				AfterProcessingInitializeOnLoad (24ms)
				EditorAssembliesLoaded (0ms)
			ExecutionOrderSort2 (0ms)
			AwakeInstancesAfterBackupRestoration (22ms)
Platform modules already initialized, skipping
========================================================================
Worker process is ready to serve import requests
Launched and connected shader compiler UnityShaderCompiler.exe after 0.09 seconds
Refreshing native plugins compatible for Editor in 1.05 ms, found 3 plugins.
Preloading 0 native plugins for Editor in 0.00 ms.
Unloading 3382 Unused Serialized files (Serialized files now loaded: 0)
Unloading 25 unused Assets / (55.5 KB). Loaded Objects now: 3869.
Memory consumption went from 133.9 MB to 133.9 MB.
Total: 4.831200 ms (FindLiveObjects: 0.349100 ms CreateObjectMapping: 0.228400 ms MarkObjects: 4.149700 ms  DeleteObjects: 0.102300 ms)

AssetImportParameters requested are different than current active one (requested -> active):
  custom:video-decoder-ogg-theora: a1e56fd34408186e4bbccfd4996cb3dc -> 
  custom:container-muxer-webm: aa71ff27fc2769a1b78a27578f13a17b -> 
  custom:container-demuxer-webm: 4f35f7cbe854078d1ac9338744f61a02 -> 
  custom:video-encoder-webm-vp8: eb34c28f22e8b96e1ab97ce403110664 -> 
  custom:audio-encoder-webm-vorbis: bf7c407c2cedff20999df2af8eb42d56 -> 
  custom:framework-win-MediaFoundation: 216162199b28c13a410421893ffa2e32 -> 
  custom:container-demuxer-ogg: 62fdf1f143b41e24485cea50d1cbac27 -> 
  custom:video-decoder-webm-vp8: 9c59270c3fd7afecdb556c50c9e8de78 -> 
  custom:audio-decoder-ogg-vorbis: bf7c407c2cedff20999df2af8eb42d56 -> 
========================================================================
Received Import Request.
  Time since last request: 16999.740449 seconds.
  path: Assets/Lion_Statue/Lion_Statue.prefab
  artifactKey: Guid(a9c76a0f31a399647af506139666869e) Importer(815301076,1909f56bfc062723c751e8b465ee728b)
Start importing Assets/Lion_Statue/Lion_Statue.prefab using Guid(a9c76a0f31a399647af506139666869e) Importer(815301076,1909f56bfc062723c751e8b465ee728b)  -> (artifact id: '007851a3da25471db303e56f9a2181d5') in 1.351568 seconds 
========================================================================
Received Import Request.
  Time since last request: 4.248855 seconds.
  path: Assets/Lion_Statue/Materials/Material__Block.mat
  artifactKey: Guid(1b0898e2a556a244c893609c2f133382) Importer(815301076,1909f56bfc062723c751e8b465ee728b)
Start importing Assets/Lion_Statue/Materials/Material__Block.mat using Guid(1b0898e2a556a244c893609c2f133382) Importer(815301076,1909f56bfc062723c751e8b465ee728b)  -> (artifact id: 'cd330a083b28efa797d51150274bdd8b') in 0.129109 seconds 
========================================================================
Received Import Request.
  Time since last request: 3.515871 seconds.
  path: Assets/Lion_Statue/Textures/Lion/Lion_Statue_Albedo.png
  artifactKey: Guid(ef5733d802ad1d145a3105ad78515c30) Importer(815301076,1909f56bfc062723c751e8b465ee728b)
Start importing Assets/Lion_Statue/Textures/Lion/Lion_Statue_Albedo.png using Guid(ef5733d802ad1d145a3105ad78515c30) Importer(815301076,1909f56bfc062723c751e8b465ee728b)  -> (artifact id: '25f4e0f067750f573c4a1829fa722258') in 0.108419 seconds 
========================================================================
Received Import Request.
  Time since last request: 0.000045 seconds.
  path: Assets/Lion_Statue/Textures/Lion/Lion_Statue_Occlusion.png
  artifactKey: Guid(a8125a84251325948a8980cae4c57cc8) Importer(815301076,1909f56bfc062723c751e8b465ee728b)
Start importing Assets/Lion_Statue/Textures/Lion/Lion_Statue_Occlusion.png using Guid(a8125a84251325948a8980cae4c57cc8) Importer(815301076,1909f56bfc062723c751e8b465ee728b)  -> (artifact id: '05417589deb3c40d794d665f52c881b5') in 0.028432 seconds 
========================================================================
Received Import Request.
  Time since last request: 0.000040 seconds.
  path: Assets/Lion_Statue/Textures/Lion/Lion_Statue_MetalicSmoothness.tga
  artifactKey: Guid(90fca93923c771e4485c9229c4676383) Importer(815301076,1909f56bfc062723c751e8b465ee728b)
Start importing Assets/Lion_Statue/Textures/Lion/Lion_Statue_MetalicSmoothness.tga using Guid(90fca93923c771e4485c9229c4676383) Importer(815301076,1909f56bfc062723c751e8b465ee728b)  -> (artifact id: '72d2206590ce4b0c9a9608ce11eedb7e') in 0.065814 seconds 
========================================================================
Received Import Request.
  Time since last request: 1.371726 seconds.
  path: Assets/Lion_Statue/Textures/Block/Stone_Block_MetallicSmoothness.tga
  artifactKey: Guid(8f14de6603f04c34d9d4a4e275942830) Importer(815301076,1909f56bfc062723c751e8b465ee728b)
Start importing Assets/Lion_Statue/Textures/Block/Stone_Block_MetallicSmoothness.tga using Guid(8f14de6603f04c34d9d4a4e275942830) Importer(815301076,1909f56bfc062723c751e8b465ee728b)  -> (artifact id: 'df1f58721222b19c1b0f28694f2eb426') in 0.027071 seconds 
========================================================================
Received Import Request.
  Time since last request: 0.000020 seconds.
  path: Assets/Lion_Statue/Textures/Block/Stone_Block_Normal.png
  artifactKey: Guid(077898bff5005fd409127f00988a8613) Importer(815301076,1909f56bfc062723c751e8b465ee728b)
Start importing Assets/Lion_Statue/Textures/Block/Stone_Block_Normal.png using Guid(077898bff5005fd409127f00988a8613) Importer(815301076,1909f56bfc062723c751e8b465ee728b)  -> (artifact id: '039550ca99a47837f603c54b84a9d10c') in 1.055645 seconds 
========================================================================
Received Import Request.
  Time since last request: 223.879140 seconds.
  path: Assets/Statue Bear Rough Bronze/Prefabs/StatueBear.prefab
  artifactKey: Guid(170fcf4e078c4fb4eb18e6664e4d909b) Importer(815301076,1909f56bfc062723c751e8b465ee728b)
Start importing Assets/Statue Bear Rough Bronze/Prefabs/StatueBear.prefab using Guid(170fcf4e078c4fb4eb18e6664e4d909b) Importer(815301076,1909f56bfc062723c751e8b465ee728b)  -> (artifact id: 'c1fc7593d4acd53a93fe38ce90888f90') in 0.051562 seconds 
========================================================================
Received Import Request.
  Time since last request: 439.717871 seconds.
  path: Assets/Enviroment/enviroment/Office building/textures/Props/used/ABC puzzle floor.png
  artifactKey: Guid(156e83112f52e674b899f0d02a094c7d) Importer(815301076,1909f56bfc062723c751e8b465ee728b)
Start importing Assets/Enviroment/enviroment/Office building/textures/Props/used/ABC puzzle floor.png using Guid(156e83112f52e674b899f0d02a094c7d) Importer(815301076,1909f56bfc062723c751e8b465ee728b)  -> (artifact id: 'fa44372bae8e8e491677c7a75769d453') in 0.077472 seconds 
========================================================================
Received Import Request.
  Time since last request: 0.000036 seconds.
  path: Assets/POLYGON city pack/Prefabs/Props/ATM_prefab.prefab
  artifactKey: Guid(971885f35036d834d9e87999c41920fe) Importer(815301076,1909f56bfc062723c751e8b465ee728b)
Start importing Assets/POLYGON city pack/Prefabs/Props/ATM_prefab.prefab using Guid(971885f35036d834d9e87999c41920fe) Importer(815301076,1909f56bfc062723c751e8b465ee728b)  -> (artifact id: '41bba97c3bf3d91d80fd68292091caf2') in 0.062153 seconds 
========================================================================
Received Import Request.
  Time since last request: 0.000046 seconds.
  path: Assets/FurnishedCabin/Textures/BedroomFurniture_MetallicSmoothness.png
  artifactKey: Guid(7663437c12f99554b8cb0b8e1a4ce6a0) Importer(815301076,1909f56bfc062723c751e8b465ee728b)
Start importing Assets/FurnishedCabin/Textures/BedroomFurniture_MetallicSmoothness.png using Guid(7663437c12f99554b8cb0b8e1a4ce6a0) Importer(815301076,1909f56bfc062723c751e8b465ee728b)  -> (artifact id: '3f378034bb7093a9460a81ea6a91c4a2') in 0.039606 seconds 
========================================================================
Received Import Request.
  Time since last request: 0.000044 seconds.
  path: Assets/POLYGON city pack/Prefabs/Props/bench prefab.prefab
  artifactKey: Guid(80c5916b9606ce646be16611d9a06d13) Importer(815301076,1909f56bfc062723c751e8b465ee728b)
Start importing Assets/POLYGON city pack/Prefabs/Props/bench prefab.prefab using Guid(80c5916b9606ce646be16611d9a06d13) Importer(815301076,1909f56bfc062723c751e8b465ee728b)  -> (artifact id: '22904037f5f97206e2af5efde156188b') in 0.067868 seconds 
========================================================================
Received Import Request.
  Time since last request: 0.000059 seconds.
  path: Assets/FurnishedCabin/Meshes/BedroomSofa.fbx
  artifactKey: Guid(aa28c890d9e8b5e449d701805e420020) Importer(815301076,1909f56bfc062723c751e8b465ee728b)
Start importing Assets/FurnishedCabin/Meshes/BedroomSofa.fbx using Guid(aa28c890d9e8b5e449d701805e420020) Importer(815301076,1909f56bfc062723c751e8b465ee728b)  -> (artifact id: '08e0d85fa9f8e7d4bfbe632902f71bcd') in 1.136722 seconds 
========================================================================
Received Import Request.
  Time since last request: 0.000033 seconds.
  path: Assets/POLYGON city pack/Meshes,textures/props_FBX/Fence_B_2.fbx
  artifactKey: Guid(89cfb2ee63c9de8428925a177ddf0559) Importer(815301076,1909f56bfc062723c751e8b465ee728b)
Start importing Assets/POLYGON city pack/Meshes,textures/props_FBX/Fence_B_2.fbx using Guid(89cfb2ee63c9de8428925a177ddf0559) Importer(815301076,1909f56bfc062723c751e8b465ee728b)  -> (artifact id: '6e6d43e03d9c07ffd06995ee85574145') in 1.170718 seconds 
========================================================================
Received Import Request.
  Time since last request: 0.000033 seconds.
  path: Assets/POLYGON city pack/Meshes,textures/props_FBX/Materials/leafes.mat
  artifactKey: Guid(144d0d90c4ed5154b83f6fcbd40b4bbb) Importer(815301076,1909f56bfc062723c751e8b465ee728b)
Start importing Assets/POLYGON city pack/Meshes,textures/props_FBX/Materials/leafes.mat using Guid(144d0d90c4ed5154b83f6fcbd40b4bbb) Importer(815301076,1909f56bfc062723c751e8b465ee728b)  -> (artifact id: 'f3ed3949bdc48c451247ac7a9711d7e0') in 0.053663 seconds 
========================================================================
Received Import Request.
  Time since last request: 0.004140 seconds.
  path: Assets/FurnishedCabin/Meshes/CoffeeTable.fbx
  artifactKey: Guid(87dbd671cf01c4a2092308da3db7c073) Importer(815301076,1909f56bfc062723c751e8b465ee728b)
Start importing Assets/FurnishedCabin/Meshes/CoffeeTable.fbx using Guid(87dbd671cf01c4a2092308da3db7c073) Importer(815301076,1909f56bfc062723c751e8b465ee728b)  -> (artifact id: '624cfff44a1846a22737a9e383529d3f') in 0.137796 seconds 
========================================================================
Received Import Request.
  Time since last request: 0.000026 seconds.
  path: Assets/POLYGON city pack/Materials/Material_meshs/Fence_B_2.mat
  artifactKey: Guid(829d8f03a87c1894e9faa0df4c536a08) Importer(815301076,1909f56bfc062723c751e8b465ee728b)
Start importing Assets/POLYGON city pack/Materials/Material_meshs/Fence_B_2.mat using Guid(829d8f03a87c1894e9faa0df4c536a08) Importer(815301076,1909f56bfc062723c751e8b465ee728b)  -> (artifact id: '64bbac449ed1d46aa142fa8f438582e4') in 1.134781 seconds 
========================================================================
Received Import Request.
  Time since last request: 0.000051 seconds.
  path: Assets/Enviroment/enviroment/Office building/material props/Coffee Cup.mat
  artifactKey: Guid(c4e568fb4b445c2418e5a8e006427aaf) Importer(815301076,1909f56bfc062723c751e8b465ee728b)
Start importing Assets/Enviroment/enviroment/Office building/material props/Coffee Cup.mat using Guid(c4e568fb4b445c2418e5a8e006427aaf) Importer(815301076,1909f56bfc062723c751e8b465ee728b)  -> (artifact id: 'a02fba3f499ffcee65f8d6796ecac4cf') in 0.175389 seconds 
========================================================================
Received Import Request.
  Time since last request: 0.000026 seconds.
  path: Assets/Enviroment/enviroment/Office building/textures/Props/used/Coffee Cup.png
  artifactKey: Guid(6c955611ac336c548b819d422a7e3c04) Importer(815301076,1909f56bfc062723c751e8b465ee728b)
Start importing Assets/Enviroment/enviroment/Office building/textures/Props/used/Coffee Cup.png using Guid(6c955611ac336c548b819d422a7e3c04) Importer(815301076,1909f56bfc062723c751e8b465ee728b)  -> (artifact id: '8e1a3317512d1b83e37b2930a00cfd4b') in 0.071418 seconds 
========================================================================
Received Import Request.
  Time since last request: 0.000030 seconds.
  path: Assets/POLYGON city pack/Materials/Material_meshs/fence c.mat
  artifactKey: Guid(53122f49a4909e643b53a64f5ef6848e) Importer(815301076,1909f56bfc062723c751e8b465ee728b)
Start importing Assets/POLYGON city pack/Materials/Material_meshs/fence c.mat using Guid(53122f49a4909e643b53a64f5ef6848e) Importer(815301076,1909f56bfc062723c751e8b465ee728b)  -> (artifact id: '0e2f37f8ff4cec40c790c44f4c4b0a0f') in 0.145687 seconds 
========================================================================
Received Import Request.
  Time since last request: 0.000682 seconds.
  path: Assets/POLYGON city pack/Prefabs/Props/fence c prefab.prefab
  artifactKey: Guid(6c59ef0028580ac429571adf93ff0a16) Importer(815301076,1909f56bfc062723c751e8b465ee728b)
Start importing Assets/POLYGON city pack/Prefabs/Props/fence c prefab.prefab using Guid(6c59ef0028580ac429571adf93ff0a16) Importer(815301076,1909f56bfc062723c751e8b465ee728b)  -> (artifact id: '4e486df219ed96a39f22cb171ca3191c') in 0.045810 seconds 
========================================================================
Received Import Request.
  Time since last request: 0.000244 seconds.
  path: Assets/JKT_Art/block/Prefab/block_final.prefab
  artifactKey: Guid(b7985e39a2136f04eae42c74c0ba2c6c) Importer(815301076,1909f56bfc062723c751e8b465ee728b)
Start importing Assets/JKT_Art/block/Prefab/block_final.prefab using Guid(b7985e39a2136f04eae42c74c0ba2c6c) Importer(815301076,1909f56bfc062723c751e8b465ee728b)  -> (artifact id: 'cb199614d1f0bb9fa9e2a2b64e7d8838') in 1.248869 seconds 
========================================================================
Received Import Request.
  Time since last request: 0.000027 seconds.
  path: Assets/FurnishedCabin/Meshes/Materials/BedroomFurniture_MAT.mat
  artifactKey: Guid(bbff17a888fc93a408a34e3b95c5e885) Importer(815301076,1909f56bfc062723c751e8b465ee728b)
Start importing Assets/FurnishedCabin/Meshes/Materials/BedroomFurniture_MAT.mat using Guid(bbff17a888fc93a408a34e3b95c5e885) Importer(815301076,1909f56bfc062723c751e8b465ee728b)  -> (artifact id: 'cb1e14c59ba653bffe5ba35ac41c5e1c') in 0.048476 seconds 
========================================================================
Received Import Request.
  Time since last request: 0.000051 seconds.
  path: Assets/Enviroment/enviroment/Office building/meshes/Coffee cup.fbx
  artifactKey: Guid(f0e8a8f9ab8b9fd43a8bdf9fb1e0e286) Importer(815301076,1909f56bfc062723c751e8b465ee728b)
Start importing Assets/Enviroment/enviroment/Office building/meshes/Coffee cup.fbx using Guid(f0e8a8f9ab8b9fd43a8bdf9fb1e0e286) Importer(815301076,1909f56bfc062723c751e8b465ee728b)  -> (artifact id: '6b4c8bf15502029856627100187665ad') in 0.067696 seconds 
========================================================================
Received Import Request.
  Time since last request: 0.000026 seconds.
  path: Assets/Cartoon SportCar B01/Materials/feather_01.mat
  artifactKey: Guid(66ddb5ee9eb726e4f9008eef27e57657) Importer(815301076,1909f56bfc062723c751e8b465ee728b)
Start importing Assets/Cartoon SportCar B01/Materials/feather_01.mat using Guid(66ddb5ee9eb726e4f9008eef27e57657) Importer(815301076,1909f56bfc062723c751e8b465ee728b)  -> (artifact id: '5d63e7b2a47043019eb984e92036065c') in 1.099287 seconds 
========================================================================
Received Import Request.
  Time since last request: 0.000030 seconds.
  path: Assets/POLYGON city pack/Prefabs/Props/Bench 2 prefab.prefab
  artifactKey: Guid(c954a7e383194f246b3502f6c815acb4) Importer(815301076,1909f56bfc062723c751e8b465ee728b)
Start importing Assets/POLYGON city pack/Prefabs/Props/Bench 2 prefab.prefab using Guid(c954a7e383194f246b3502f6c815acb4) Importer(815301076,1909f56bfc062723c751e8b465ee728b)  -> (artifact id: '5dd6fd6e7ae376cb3ec5fc4a56a236ea') in 0.078599 seconds 
========================================================================
Received Import Request.
  Time since last request: 0.000035 seconds.
  path: Assets/POLYGON city pack/Prefabs/Props/Bin prefab.prefab
  artifactKey: Guid(dd28fe4d5eb7bcb479b5338f128cdf70) Importer(815301076,1909f56bfc062723c751e8b465ee728b)
Start importing Assets/POLYGON city pack/Prefabs/Props/Bin prefab.prefab using Guid(dd28fe4d5eb7bcb479b5338f128cdf70) Importer(815301076,1909f56bfc062723c751e8b465ee728b)  -> (artifact id: 'cd74bf1ae71c6d2ec83285a12062b4d6') in 0.033841 seconds 
========================================================================
Received Import Request.
  Time since last request: 0.000997 seconds.
  path: Assets/POLYGON city pack/Prefabs/Props/Big_trash_bin prefab.prefab
  artifactKey: Guid(331560f2206dc024cb084301a19c05ad) Importer(815301076,1909f56bfc062723c751e8b465ee728b)
Start importing Assets/POLYGON city pack/Prefabs/Props/Big_trash_bin prefab.prefab using Guid(331560f2206dc024cb084301a19c05ad) Importer(815301076,1909f56bfc062723c751e8b465ee728b)  -> (artifact id: '50ca6c6791167960ff71c13d9e0bbda3') in 0.064737 seconds 
Editor requested this worker to shutdown with reason: Scaling down because of idle timeout
AssetImportWorker is now disconnected from the server
Process exiting
Exiting without the bug reporter. Application will terminate with return code 0